TN:
SF:controllers\adminAnalytics.controller.js
FN:6,(anonymous_0)
FN:16,(anonymous_1)
FN:22,(anonymous_2)
FN:277,(anonymous_3)
FN:388,(anonymous_4)
FN:391,(anonymous_5)
FN:394,(anonymous_6)
FN:398,(anonymous_7)
FN:516,(anonymous_8)
FNF:9
FNH:3
FNDA:1,(anonymous_0)
FNDA:1,(anonymous_1)
FNDA:1,(anonymous_2)
FNDA:0,(anonymous_3)
FNDA:0,(anonymous_4)
FNDA:0,(anonymous_5)
FNDA:0,(anonymous_6)
FNDA:0,(anonymous_7)
FNDA:0,(anonymous_8)
DA:6,6
DA:7,1
DA:8,1
DA:9,1
DA:10,1
DA:11,1
DA:12,1
DA:13,1
DA:16,6
DA:17,1
DA:22,6
DA:23,1
DA:26,1
DA:27,1
DA:30,1
DA:31,1
DA:34,1
DA:35,1
DA:38,1
DA:39,1
DA:42,1
DA:73,1
DA:156,1
DA:157,1
DA:158,1
DA:159,1
DA:160,1
DA:161,1
DA:165,1
DA:168,1
DA:170,1
DA:171,1
DA:173,1
DA:177,1
DA:180,1
DA:182,1
DA:201,1
DA:246,1
DA:258,1
DA:259,1
DA:261,1
DA:266,1
DA:276,1
DA:277,1
DA:278,0
DA:281,1
DA:290,1
DA:313,1
DA:330,1
DA:345,1
DA:354,1
DA:363,1
DA:365,1
DA:367,1
DA:386,1
DA:387,1
DA:388,1
DA:389,1
DA:393,0
DA:394,0
DA:397,0
DA:398,0
DA:400,0
DA:404,1
DA:412,1
DA:516,0
DA:533,1
LF:67
LH:60
BRDA:156,0,0,1
BRDA:156,0,1,0
BRDA:157,1,0,1
BRDA:157,1,1,0
BRDA:158,2,0,1
BRDA:158,2,1,1
BRDA:159,3,0,1
BRDA:159,3,1,0
BRDA:160,4,0,1
BRDA:160,4,1,1
BRDA:161,5,0,1
BRDA:161,5,1,0
BRDA:165,6,0,1
BRDA:165,6,1,0
BRDA:173,7,0,0
BRDA:173,7,1,1
BRDA:180,8,0,1
BRDA:180,8,1,0
BRDA:258,9,0,1
BRDA:258,9,1,1
BRDA:259,10,0,1
BRDA:259,10,1,1
BRDA:261,11,0,1
BRDA:261,11,1,0
BRDA:278,12,0,0
BRDA:278,12,1,0
BRDA:365,13,0,0
BRDA:365,13,1,1
BRDA:393,14,0,0
BRDA:393,14,1,0
BRDA:394,15,0,0
BRDA:394,15,1,0
BRDA:397,16,0,0
BRDA:397,16,1,0
BRDA:398,17,0,0
BRDA:398,17,1,0
BRDA:405,18,0,1
BRDA:405,18,1,0
BRDA:427,19,0,1
BRDA:427,19,1,1
BRDA:439,20,0,1
BRDA:439,20,1,0
BRDA:458,21,0,1
BRDA:458,21,1,1
BRDA:459,22,0,1
BRDA:459,22,1,1
BRDA:462,23,0,1
BRDA:462,23,1,1
BRDA:463,24,0,1
BRDA:463,24,1,1
BRDA:466,25,0,1
BRDA:466,25,1,1
BRDA:467,26,0,1
BRDA:467,26,1,1
BRDA:470,27,0,1
BRDA:470,27,1,1
BRDA:471,28,0,1
BRDA:471,28,1,1
BRDA:474,29,0,1
BRDA:474,29,1,1
BRDA:475,30,0,1
BRDA:475,30,1,1
BRDA:491,31,0,0
BRDA:491,31,1,1
BRDA:495,32,0,0
BRDA:495,32,1,1
BRDA:499,33,0,0
BRDA:499,33,1,1
BRF:68
BRH:44
end_of_record
TN:
SF:controllers\adminEmail.controller.js
FN:20,(anonymous_0)
FN:26,(anonymous_1)
FN:34,(anonymous_2)
FN:115,(anonymous_3)
FN:188,(anonymous_4)
FN:230,(anonymous_5)
FN:327,(anonymous_6)
FN:334,(anonymous_7)
FN:355,(anonymous_8)
FN:434,(anonymous_9)
FNF:10
FNH:0
FNDA:0,(anonymous_0)
FNDA:0,(anonymous_1)
FNDA:0,(anonymous_2)
FNDA:0,(anonymous_3)
FNDA:0,(anonymous_4)
FNDA:0,(anonymous_5)
FNDA:0,(anonymous_6)
FNDA:0,(anonymous_7)
FNDA:0,(anonymous_8)
FNDA:0,(anonymous_9)
DA:20,6
DA:21,0
DA:26,6
DA:27,0
DA:33,6
DA:35,0
DA:37,0
DA:47,0
DA:48,0
DA:51,0
DA:59,0
DA:62,0
DA:70,0
DA:115,6
DA:121,0
DA:123,0
DA:124,0
DA:131,0
DA:133,0
DA:134,0
DA:140,0
DA:162,0
DA:174,0
DA:188,6
DA:195,0
DA:197,0
DA:198,0
DA:204,0
DA:205,0
DA:211,0
DA:213,0
DA:214,0
DA:223,0
DA:229,0
DA:231,0
DA:235,0
DA:236,0
DA:245,0
DA:246,0
DA:248,0
DA:250,0
DA:251,0
DA:252,0
DA:275,0
DA:289,0
DA:291,0
DA:296,0
DA:298,0
DA:308,0
DA:327,6
DA:328,0
DA:331,0
DA:334,0
DA:335,0
DA:338,0
DA:355,6
DA:360,0
DA:362,0
DA:363,0
DA:370,0
DA:372,0
DA:373,0
DA:380,0
DA:407,0
DA:420,0
DA:434,6
DA:443,0
DA:445,0
DA:447,0
DA:448,0
DA:449,0
DA:451,0
DA:452,0
DA:468,0
DA:469,0
DA:471,0
DA:472,0
DA:476,0
DA:477,0
DA:483,0
DA:499,0
DA:503,0
LF:82
LH:8
BRDA:20,0,0,0
BRDA:26,1,0,0
BRDA:123,2,0,0
BRDA:123,2,1,0
BRDA:123,3,0,0
BRDA:123,3,1,0
BRDA:123,3,2,0
BRDA:133,4,0,0
BRDA:133,4,1,0
BRDA:140,5,0,0
BRDA:140,5,1,0
BRDA:143,6,0,0
BRDA:143,6,1,0
BRDA:146,7,0,0
BRDA:146,7,1,0
BRDA:168,8,0,0
BRDA:168,8,1,0
BRDA:194,9,0,0
BRDA:197,10,0,0
BRDA:197,10,1,0
BRDA:197,11,0,0
BRDA:197,11,1,0
BRDA:204,12,0,0
BRDA:204,12,1,0
BRDA:204,13,0,0
BRDA:204,13,1,0
BRDA:213,14,0,0
BRDA:213,14,1,0
BRDA:231,15,0,0
BRDA:231,15,1,0
BRDA:235,16,0,0
BRDA:235,16,1,0
BRDA:252,17,0,0
BRDA:252,17,1,0
BRDA:257,18,0,0
BRDA:257,18,1,0
BRDA:261,19,0,0
BRDA:261,19,1,0
BRDA:283,20,0,0
BRDA:283,20,1,0
BRDA:302,21,0,0
BRDA:302,21,1,0
BRDA:362,22,0,0
BRDA:362,22,1,0
BRDA:372,23,0,0
BRDA:372,23,1,0
BRDA:381,24,0,0
BRDA:381,24,1,0
BRDA:385,25,0,0
BRDA:385,25,1,0
BRDA:389,26,0,0
BRDA:389,26,1,0
BRDA:393,27,0,0
BRDA:393,27,1,0
BRDA:409,28,0,0
BRDA:409,28,1,0
BRDA:414,29,0,0
BRDA:414,29,1,0
BRDA:436,30,0,0
BRDA:437,31,0,0
BRDA:447,32,0,0
BRDA:447,32,1,0
BRDA:448,33,0,0
BRDA:448,33,1,0
BRDA:451,34,0,0
BRDA:451,34,1,0
BRDA:468,35,0,0
BRDA:468,35,1,0
BRDA:468,36,0,0
BRDA:468,36,1,0
BRDA:471,37,0,0
BRDA:471,37,1,0
BRDA:476,38,0,0
BRDA:476,38,1,0
BRF:74
BRH:0
end_of_record
TN:
SF:controllers\ai.controller.js
FN:14,(anonymous_0)
FN:21,(anonymous_1)
FN:22,(anonymous_2)
FN:26,(anonymous_3)
FN:28,(anonymous_4)
FN:31,(anonymous_5)
FN:33,(anonymous_6)
FN:33,(anonymous_7)
FN:37,(anonymous_8)
FN:54,(anonymous_9)
FN:100,(anonymous_10)
FN:303,(anonymous_11)
FN:375,(anonymous_12)
FN:410,(anonymous_13)
FN:431,(anonymous_14)
FN:600,(anonymous_15)
FN:616,(anonymous_16)
FN:625,(anonymous_17)
FN:640,(anonymous_18)
FN:686,(anonymous_19)
FN:703,(anonymous_20)
FNF:21
FNH:0
FNDA:0,(anonymous_0)
FNDA:0,(anonymous_1)
FNDA:0,(anonymous_2)
FNDA:0,(anonymous_3)
FNDA:0,(anonymous_4)
FNDA:0,(anonymous_5)
FNDA:0,(anonymous_6)
FNDA:0,(anonymous_7)
FNDA:0,(anonymous_8)
FNDA:0,(anonymous_9)
FNDA:0,(anonymous_10)
FNDA:0,(anonymous_11)
FNDA:0,(anonymous_12)
FNDA:0,(anonymous_13)
FNDA:0,(anonymous_14)
FNDA:0,(anonymous_15)
FNDA:0,(anonymous_16)
FNDA:0,(anonymous_17)
FNDA:0,(anonymous_18)
FNDA:0,(anonymous_19)
FNDA:0,(anonymous_20)
DA:14,0
DA:15,0
DA:16,0
DA:21,0
DA:22,0
DA:26,0
DA:27,0
DA:28,0
DA:31,0
DA:32,0
DA:33,0
DA:37,0
DA:38,0
DA:50,0
DA:54,0
DA:55,0
DA:56,0
DA:58,0
DA:83,0
DA:84,0
DA:92,0
DA:94,0
DA:95,0
DA:100,0
DA:101,0
DA:102,0
DA:104,0
DA:105,0
DA:109,0
DA:110,0
DA:111,0
DA:115,0
DA:116,0
DA:119,0
DA:120,0
DA:122,0
DA:123,0
DA:126,0
DA:129,0
DA:251,0
DA:254,0
DA:255,0
DA:257,0
DA:261,0
DA:262,0
DA:263,0
DA:265,0
DA:266,0
DA:268,0
DA:277,0
DA:278,0
DA:281,0
DA:294,0
DA:303,0
DA:304,0
DA:305,0
DA:307,0
DA:311,0
DA:312,0
DA:316,0
DA:317,0
DA:319,0
DA:320,0
DA:321,0
DA:323,0
DA:328,0
DA:331,0
DA:332,0
DA:333,0
DA:334,0
DA:337,0
DA:339,0
DA:344,0
DA:348,0
DA:359,0
DA:360,0
DA:361,0
DA:363,0
DA:367,0
DA:370,0
DA:373,0
DA:375,0
DA:379,0
DA:382,0
DA:383,0
DA:384,0
DA:385,0
DA:387,0
DA:391,0
DA:392,0
DA:393,0
DA:396,0
DA:401,0
DA:402,0
DA:410,0
DA:411,0
DA:412,0
DA:414,0
DA:415,0
DA:419,0
DA:420,0
DA:421,0
DA:424,0
DA:428,0
DA:431,0
DA:432,0
DA:578,0
DA:579,0
DA:581,0
DA:585,0
DA:586,0
DA:588,0
DA:600,0
DA:601,0
DA:603,0
DA:613,0
DA:616,0
DA:625,0
DA:626,0
DA:627,0
DA:629,0
DA:630,0
DA:632,0
DA:633,0
DA:635,0
DA:640,0
DA:641,0
DA:642,0
DA:644,0
DA:654,0
DA:657,0
DA:658,0
DA:660,0
DA:664,0
DA:672,0
DA:674,0
DA:686,0
DA:687,0
DA:688,0
DA:690,0
DA:696,0
DA:698,0
DA:703,0
DA:704,0
DA:705,0
DA:709,0
DA:710,0
DA:711,0
DA:712,0
DA:713,0
DA:714,0
DA:716,0
DA:719,0
DA:720,0
DA:755,0
DA:756,0
DA:757,0
DA:758,0
DA:763,0
DA:765,0
DA:769,0
DA:771,0
DA:772,0
LF:163
LH:0
BRDA:15,0,0,0
BRDA:15,0,1,0
BRDA:27,1,0,0
BRDA:27,1,1,0
BRDA:32,2,0,0
BRDA:32,2,1,0
BRDA:50,3,0,0
BRDA:50,3,1,0
BRDA:56,4,0,0
BRDA:56,5,0,0
BRDA:84,6,0,0
BRDA:84,6,1,0
BRDA:104,7,0,0
BRDA:104,7,1,0
BRDA:110,8,0,0
BRDA:110,8,1,0
BRDA:110,9,0,0
BRDA:110,9,1,0
BRDA:115,10,0,0
BRDA:115,10,1,0
BRDA:122,11,0,0
BRDA:122,11,1,0
BRDA:123,12,0,0
BRDA:123,12,1,0
BRDA:255,13,0,0
BRDA:255,13,1,0
BRDA:261,14,0,0
BRDA:261,14,1,0
BRDA:261,15,0,0
BRDA:261,15,1,0
BRDA:269,16,0,0
BRDA:269,16,1,0
BRDA:270,17,0,0
BRDA:270,17,1,0
BRDA:287,18,0,0
BRDA:287,18,1,0
BRDA:288,19,0,0
BRDA:288,19,1,0
BRDA:290,20,0,0
BRDA:290,20,1,0
BRDA:291,21,0,0
BRDA:291,21,1,0
BRDA:311,22,0,0
BRDA:311,22,1,0
BRDA:316,23,0,0
BRDA:316,23,1,0
BRDA:317,24,0,0
BRDA:317,24,1,0
BRDA:328,25,0,0
BRDA:328,25,1,0
BRDA:332,26,0,0
BRDA:332,26,1,0
BRDA:333,27,0,0
BRDA:333,27,1,0
BRDA:334,28,0,0
BRDA:334,28,1,0
BRDA:339,29,0,0
BRDA:339,29,1,0
BRDA:340,30,0,0
BRDA:340,30,1,0
BRDA:340,30,2,0
BRDA:367,31,0,0
BRDA:367,31,1,0
BRDA:382,32,0,0
BRDA:382,32,1,0
BRDA:384,33,0,0
BRDA:384,33,1,0
BRDA:414,34,0,0
BRDA:414,34,1,0
BRDA:414,35,0,0
BRDA:414,35,1,0
BRDA:419,36,0,0
BRDA:419,36,1,0
BRDA:421,37,0,0
BRDA:421,37,1,0
BRDA:630,38,0,0
BRDA:630,38,1,0
BRDA:654,39,0,0
BRDA:654,39,1,0
BRDA:696,40,0,0
BRDA:696,40,1,0
BRDA:705,41,0,0
BRDA:719,42,0,0
BRDA:719,42,1,0
BRDA:735,43,0,0
BRDA:735,43,1,0
BRDA:737,44,0,0
BRDA:737,44,1,0
BRDA:738,45,0,0
BRDA:738,45,1,0
BRDA:739,46,0,0
BRDA:739,46,1,0
BRDA:740,47,0,0
BRDA:740,47,1,0
BRDA:744,48,0,0
BRDA:744,48,1,0
BRDA:745,49,0,0
BRDA:745,49,1,0
BRDA:746,50,0,0
BRDA:746,50,1,0
BRDA:747,51,0,0
BRDA:747,51,1,0
BRDA:748,52,0,0
BRDA:748,52,1,0
BRDA:749,53,0,0
BRDA:749,53,1,0
BRF:106
BRH:0
end_of_record
TN:
SF:controllers\analytics.controller.js
FN:5,(anonymous_0)
FN:42,(anonymous_1)
FN:51,(anonymous_2)
FNF:3
FNH:0
FNDA:0,(anonymous_0)
FNDA:0,(anonymous_1)
FNDA:0,(anonymous_2)
DA:5,6
DA:6,0
DA:8,0
DA:9,0
DA:15,0
DA:16,0
DA:18,0
DA:19,0
DA:20,0
DA:22,0
DA:24,0
DA:25,0
DA:26,0
DA:27,0
DA:30,0
DA:37,0
DA:42,6
DA:43,0
DA:45,0
DA:46,0
DA:51,0
DA:59,0
DA:61,0
LF:23
LH:2
BRDA:6,0,0,0
BRDA:8,1,0,0
BRDA:8,1,1,0
BRDA:15,2,0,0
BRDA:15,2,1,0
BRDA:18,3,0,0
BRDA:18,3,1,0
BRDA:19,4,0,0
BRDA:19,4,1,0
BRDA:24,5,0,0
BRDA:24,5,1,0
BRDA:26,6,0,0
BRDA:26,6,1,0
BRDA:32,7,0,0
BRDA:32,7,1,0
BRDA:45,8,0,0
BRDA:45,8,1,0
BRDA:45,9,0,0
BRDA:45,9,1,0
BRDA:53,10,0,0
BRDA:53,10,1,0
BRDA:54,11,0,0
BRDA:54,11,1,0
BRDA:55,12,0,0
BRDA:55,12,1,0
BRDA:56,13,0,0
BRDA:56,13,1,0
BRF:27
BRH:0
end_of_record
TN:
SF:controllers\auth.controllers.js
FN:45,(anonymous_0)
FN:73,(anonymous_1)
FN:130,(anonymous_2)
FN:205,(anonymous_3)
FN:245,(anonymous_4)
FN:295,(anonymous_5)
FN:315,(anonymous_6)
FN:389,(anonymous_7)
FN:409,(anonymous_8)
FN:489,(anonymous_9)
FN:552,(anonymous_10)
FN:586,(anonymous_11)
FN:625,(anonymous_12)
FN:646,(anonymous_13)
FN:668,(anonymous_14)
FN:691,(anonymous_15)
FN:730,(anonymous_16)
FN:780,(anonymous_17)
FN:832,(anonymous_18)
FN:880,(anonymous_19)
FNF:20
FNH:13
FNDA:1,(anonymous_0)
FNDA:5,(anonymous_1)
FNDA:3,(anonymous_2)
FNDA:142,(anonymous_3)
FNDA:0,(anonymous_4)
FNDA:0,(anonymous_5)
FNDA:0,(anonymous_6)
FNDA:1,(anonymous_7)
FNDA:0,(anonymous_8)
FNDA:0,(anonymous_9)
FNDA:2,(anonymous_10)
FNDA:2,(anonymous_11)
FNDA:0,(anonymous_12)
FNDA:1,(anonymous_13)
FNDA:3,(anonymous_14)
FNDA:2,(anonymous_15)
FNDA:3,(anonymous_16)
FNDA:0,(anonymous_17)
FNDA:3,(anonymous_18)
FNDA:2,(anonymous_19)
DA:37,6
DA:45,6
DA:46,1
DA:47,1
DA:49,1
DA:50,0
DA:52,0
DA:54,0
DA:55,0
DA:59,1
DA:60,0
DA:62,0
DA:64,0
DA:65,0
DA:69,1
DA:73,6
DA:74,5
DA:76,5
DA:77,0
DA:80,5
DA:81,1
DA:84,4
DA:85,1
DA:88,3
DA:89,1
DA:95,2
DA:98,2
DA:99,1
DA:102,1
DA:104,1
DA:117,1
DA:118,1
DA:120,0
DA:126,1
DA:130,6
DA:131,3
DA:133,3
DA:134,0
DA:137,3
DA:141,3
DA:142,2
DA:145,1
DA:147,1
DA:149,1
DA:166,1
DA:169,1
DA:171,1
DA:174,1
DA:175,0
DA:178,1
DA:183,1
DA:185,1
DA:186,1
DA:188,1
DA:190,1
DA:192,1
DA:194,1
DA:198,1
DA:205,6
DA:206,142
DA:208,142
DA:209,0
DA:212,142
DA:213,1
DA:216,141
DA:218,141
DA:219,1
DA:222,140
DA:224,140
DA:225,1
DA:229,139
DA:230,2
DA:238,137
DA:241,137
DA:243,0
DA:244,0
DA:245,0
DA:248,0
DA:250,0
DA:251,0
DA:263,137
DA:265,137
DA:266,137
DA:268,137
DA:269,68
DA:272,137
DA:274,137
DA:276,137
DA:278,137
DA:289,137
DA:295,6
DA:296,0
DA:298,0
DA:299,0
DA:305,0
DA:311,0
DA:315,6
DA:316,0
DA:318,0
DA:320,0
DA:322,0
DA:324,0
DA:325,0
DA:328,0
DA:329,0
DA:330,0
DA:332,0
DA:337,0
DA:338,0
DA:341,0
DA:342,0
DA:345,0
DA:349,0
DA:350,0
DA:352,0
DA:354,0
DA:356,0
DA:361,0
DA:362,0
DA:364,0
DA:366,0
DA:368,0
DA:372,0
DA:378,0
DA:382,0
DA:389,6
DA:390,1
DA:396,1
DA:403,1
DA:409,6
DA:410,0
DA:413,0
DA:414,0
DA:418,0
DA:422,0
DA:425,0
DA:426,0
DA:435,0
DA:436,0
DA:438,0
DA:442,0
DA:447,0
DA:467,0
DA:474,0
DA:475,0
DA:483,0
DA:486,0
DA:487,0
DA:488,0
DA:489,0
DA:492,0
DA:493,0
DA:494,0
DA:505,0
DA:506,0
DA:508,0
DA:512,0
DA:514,0
DA:515,0
DA:518,0
DA:521,0
DA:523,0
DA:525,0
DA:528,0
DA:541,0
DA:552,6
DA:553,2
DA:555,2
DA:556,0
DA:559,2
DA:561,2
DA:562,1
DA:565,1
DA:567,1
DA:568,1
DA:569,1
DA:571,1
DA:572,1
DA:574,0
DA:580,1
DA:586,6
DA:587,2
DA:590,2
DA:591,0
DA:594,2
DA:595,0
DA:598,2
DA:602,2
DA:603,1
DA:607,1
DA:609,1
DA:612,1
DA:613,1
DA:615,1
DA:617,1
DA:619,1
DA:625,6
DA:626,0
DA:628,0
DA:630,0
DA:631,0
DA:634,0
DA:635,0
DA:636,0
DA:638,0
DA:640,0
DA:646,6
DA:647,1
DA:649,1
DA:650,0
DA:653,1
DA:655,1
DA:662,1
DA:668,6
DA:669,3
DA:671,3
DA:672,1
DA:675,2
DA:677,2
DA:678,2
DA:680,2
DA:682,2
DA:691,6
DA:692,2
DA:693,2
DA:695,2
DA:696,0
DA:699,2
DA:700,0
DA:703,2
DA:704,1
DA:707,1
DA:709,1
DA:710,1
DA:713,0
DA:714,0
DA:716,0
DA:717,0
DA:718,0
DA:719,0
DA:720,0
DA:722,0
DA:730,6
DA:731,3
DA:733,3
DA:734,2
DA:738,1
DA:739,1
DA:741,1
DA:744,0
DA:745,0
DA:748,0
DA:750,0
DA:751,0
DA:755,0
DA:758,0
DA:759,0
DA:760,0
DA:761,0
DA:762,0
DA:763,0
DA:765,0
DA:769,0
DA:770,0
DA:774,0
DA:775,0
DA:776,0
DA:777,0
DA:780,0
DA:782,0
DA:790,0
DA:791,0
DA:793,0
DA:794,0
DA:795,0
DA:798,0
DA:800,0
DA:802,0
DA:804,0
DA:805,0
DA:814,0
DA:826,0
DA:832,6
DA:833,3
DA:835,3
DA:837,3
DA:841,1
DA:844,2
DA:845,1
DA:848,1
DA:850,1
DA:852,1
DA:853,1
DA:856,0
DA:858,0
DA:859,0
DA:862,0
DA:863,0
DA:864,0
DA:865,0
DA:866,0
DA:868,0
DA:870,0
DA:880,6
DA:881,2
DA:883,2
DA:887,1
DA:890,1
LF:308
LH:154
BRDA:49,0,0,0
BRDA:49,0,1,1
BRDA:54,1,0,0
BRDA:54,1,1,0
BRDA:54,2,0,0
BRDA:54,2,1,0
BRDA:55,3,0,0
BRDA:55,3,1,0
BRDA:59,4,0,0
BRDA:59,4,1,1
BRDA:64,5,0,0
BRDA:64,5,1,0
BRDA:64,6,0,0
BRDA:64,6,1,0
BRDA:65,7,0,0
BRDA:65,7,1,0
BRDA:76,8,0,0
BRDA:76,8,1,5
BRDA:76,9,0,5
BRDA:76,9,1,5
BRDA:76,9,2,5
BRDA:80,10,0,1
BRDA:80,10,1,4
BRDA:84,11,0,1
BRDA:84,11,1,3
BRDA:88,12,0,1
BRDA:88,12,1,2
BRDA:98,13,0,1
BRDA:98,13,1,1
BRDA:133,14,0,0
BRDA:133,14,1,3
BRDA:133,15,0,3
BRDA:133,15,1,3
BRDA:141,16,0,2
BRDA:141,16,1,1
BRDA:141,17,0,3
BRDA:141,17,1,3
BRDA:141,17,2,2
BRDA:174,18,0,0
BRDA:174,18,1,1
BRDA:208,19,0,0
BRDA:208,19,1,142
BRDA:208,20,0,142
BRDA:208,20,1,142
BRDA:212,21,0,1
BRDA:212,21,1,141
BRDA:218,22,0,1
BRDA:218,22,1,140
BRDA:224,23,0,1
BRDA:224,23,1,139
BRDA:229,24,0,2
BRDA:229,24,1,137
BRDA:232,25,0,1
BRDA:232,25,1,1
BRDA:232,26,0,2
BRDA:232,26,1,1
BRDA:238,27,0,137
BRDA:238,27,1,69
BRDA:241,28,0,0
BRDA:241,28,1,137
BRDA:241,29,0,137
BRDA:241,29,1,68
BRDA:245,30,0,0
BRDA:245,30,1,0
BRDA:248,31,0,0
BRDA:248,31,1,0
BRDA:263,32,0,137
BRDA:263,32,1,68
BRDA:268,33,0,68
BRDA:268,33,1,69
BRDA:298,34,0,0
BRDA:298,34,1,0
BRDA:322,35,0,0
BRDA:322,35,1,0
BRDA:324,36,0,0
BRDA:324,36,1,0
BRDA:328,37,0,0
BRDA:328,37,1,0
BRDA:337,38,0,0
BRDA:337,38,1,0
BRDA:341,39,0,0
BRDA:341,39,1,0
BRDA:349,40,0,0
BRDA:349,40,1,0
BRDA:352,41,0,0
BRDA:352,41,1,0
BRDA:361,42,0,0
BRDA:361,42,1,0
BRDA:364,43,0,0
BRDA:364,43,1,0
BRDA:413,44,0,0
BRDA:413,44,1,0
BRDA:413,45,0,0
BRDA:413,45,1,0
BRDA:425,46,0,0
BRDA:425,46,1,0
BRDA:425,47,0,0
BRDA:425,47,1,0
BRDA:428,48,0,0
BRDA:428,48,1,0
BRDA:435,49,0,0
BRDA:435,49,1,0
BRDA:449,50,0,0
BRDA:449,50,1,0
BRDA:455,51,0,0
BRDA:455,51,1,0
BRDA:474,52,0,0
BRDA:474,52,1,0
BRDA:477,53,0,0
BRDA:477,53,1,0
BRDA:483,54,0,0
BRDA:483,54,1,0
BRDA:486,55,0,0
BRDA:486,55,1,0
BRDA:486,56,0,0
BRDA:486,56,1,0
BRDA:486,56,2,0
BRDA:489,57,0,0
BRDA:489,57,1,0
BRDA:492,58,0,0
BRDA:492,58,1,0
BRDA:505,59,0,0
BRDA:505,59,1,0
BRDA:514,60,0,0
BRDA:514,60,1,0
BRDA:525,61,0,0
BRDA:525,61,1,0
BRDA:555,62,0,0
BRDA:555,62,1,2
BRDA:555,63,0,2
BRDA:555,63,1,2
BRDA:561,64,0,1
BRDA:561,64,1,1
BRDA:590,65,0,0
BRDA:590,65,1,2
BRDA:590,66,0,2
BRDA:590,66,1,2
BRDA:590,66,2,2
BRDA:594,67,0,0
BRDA:594,67,1,2
BRDA:594,68,0,2
BRDA:594,68,1,2
BRDA:602,69,0,1
BRDA:602,69,1,1
BRDA:602,70,0,2
BRDA:602,70,1,2
BRDA:602,70,2,2
BRDA:630,71,0,0
BRDA:630,71,1,0
BRDA:630,72,0,0
BRDA:630,72,1,0
BRDA:630,72,2,0
BRDA:649,73,0,0
BRDA:649,73,1,1
BRDA:653,74,0,1
BRDA:653,74,1,1
BRDA:659,75,0,1
BRDA:659,75,1,0
BRDA:671,76,0,1
BRDA:671,76,1,2
BRDA:671,77,0,3
BRDA:671,77,1,1
BRDA:695,78,0,0
BRDA:695,78,1,2
BRDA:695,79,0,2
BRDA:695,79,1,0
BRDA:699,80,0,0
BRDA:699,80,1,2
BRDA:703,81,0,1
BRDA:703,81,1,1
BRDA:709,82,0,1
BRDA:709,82,1,0
BRDA:733,83,0,2
BRDA:733,83,1,1
BRDA:733,84,0,3
BRDA:733,84,1,2
BRDA:744,85,0,0
BRDA:744,85,1,0
BRDA:750,86,0,0
BRDA:750,86,1,0
BRDA:759,87,0,0
BRDA:759,87,1,0
BRDA:759,88,0,0
BRDA:759,88,1,0
BRDA:761,89,0,0
BRDA:761,89,1,0
BRDA:769,90,0,0
BRDA:769,90,1,0
BRDA:775,91,0,0
BRDA:775,91,1,0
BRDA:780,92,0,0
BRDA:780,92,1,0
BRDA:785,93,0,0
BRDA:785,93,1,0
BRDA:785,93,2,0
BRDA:786,94,0,0
BRDA:786,94,1,0
BRDA:793,95,0,0
BRDA:793,95,1,0
BRDA:794,96,0,0
BRDA:794,96,1,0
BRDA:804,97,0,0
BRDA:804,97,1,0
BRDA:837,98,0,1
BRDA:837,98,1,2
BRDA:838,99,0,3
BRDA:838,99,1,1
BRDA:844,100,0,1
BRDA:844,100,1,1
BRDA:844,101,0,2
BRDA:844,101,1,2
BRDA:852,102,0,1
BRDA:852,102,1,0
BRDA:858,103,0,0
BRDA:858,103,1,0
BRDA:883,104,0,1
BRDA:883,104,1,1
BRDA:884,105,0,2
BRDA:884,105,1,1
BRDA:896,106,0,1
BRDA:896,106,1,1
BRDA:897,107,0,1
BRDA:897,107,1,0
BRDA:899,108,0,0
BRDA:899,108,1,1
BRDA:902,109,0,1
BRDA:902,109,1,1
BRF:227
BRH:101
end_of_record
TN:
SF:controllers\certificate.controller.js
FN:11,(anonymous_0)
FN:32,(anonymous_1)
FN:51,(anonymous_2)
FN:103,(anonymous_3)
FN:125,(anonymous_4)
FN:148,(anonymous_5)
FNF:6
FNH:0
FNDA:0,(anonymous_0)
FNDA:0,(anonymous_1)
FNDA:0,(anonymous_2)
FNDA:0,(anonymous_3)
FNDA:0,(anonymous_4)
FNDA:0,(anonymous_5)
DA:11,0
DA:12,0
DA:19,0
DA:32,0
DA:33,0
DA:35,0
DA:36,0
DA:39,0
DA:41,0
DA:45,0
DA:46,0
DA:50,0
DA:51,0
DA:54,0
DA:55,0
DA:62,0
DA:67,0
DA:68,0
DA:78,0
DA:80,0
DA:90,0
DA:103,0
DA:104,0
DA:109,0
DA:110,0
DA:113,0
DA:125,0
DA:126,0
DA:131,0
DA:132,0
DA:135,0
DA:148,0
DA:149,0
DA:151,0
DA:152,0
DA:155,0
DA:161,0
DA:162,0
DA:174,0
LF:39
LH:0
BRDA:35,0,0,0
BRDA:35,0,1,0
BRDA:35,1,0,0
BRDA:35,1,1,0
BRDA:45,2,0,0
BRDA:45,2,1,0
BRDA:54,3,0,0
BRDA:54,3,1,0
BRDA:67,4,0,0
BRDA:67,4,1,0
BRDA:85,5,0,0
BRDA:85,5,1,0
BRDA:86,6,0,0
BRDA:86,6,1,0
BRDA:109,7,0,0
BRDA:109,7,1,0
BRDA:131,8,0,0
BRDA:131,8,1,0
BRDA:151,9,0,0
BRDA:151,9,1,0
BRDA:161,10,0,0
BRDA:161,10,1,0
BRDA:185,11,0,0
BRDA:185,11,1,0
BRDA:189,12,0,0
BRDA:189,12,1,0
BRDA:198,13,0,0
BRDA:198,13,1,0
BRF:28
BRH:0
end_of_record
TN:
SF:controllers\company.controller.js
FN:5,(anonymous_0)
FN:36,(anonymous_1)
FNF:2
FNH:0
FNDA:0,(anonymous_0)
FNDA:0,(anonymous_1)
DA:5,0
DA:6,0
DA:7,0
DA:9,0
DA:10,0
DA:13,0
DA:15,0
DA:16,0
DA:22,0
DA:29,0
DA:30,0
DA:36,0
DA:37,0
DA:38,0
DA:39,0
DA:44,0
LF:16
LH:0
BRDA:9,0,0,0
BRDA:9,0,1,0
BRDA:15,1,0,0
BRDA:15,1,1,0
BRF:4
BRH:0
end_of_record
TN:
SF:controllers\compilerController.js
FN:6,(anonymous_0)
FN:56,(anonymous_1)
FN:62,(anonymous_2)
FNF:3
FNH:0
FNDA:0,(anonymous_0)
FNDA:0,(anonymous_1)
FNDA:0,(anonymous_2)
DA:6,0
DA:7,0
DA:9,0
DA:10,0
DA:16,0
DA:17,0
DA:19,0
DA:20,0
DA:21,0
DA:22,0
DA:26,0
DA:29,0
DA:31,0
DA:33,0
DA:41,0
DA:42,0
DA:52,0
DA:56,0
DA:62,0
DA:63,0
DA:65,0
DA:66,0
DA:72,0
DA:73,0
DA:74,0
DA:76,0
DA:77,0
LF:27
LH:0
BRDA:9,0,0,0
BRDA:9,0,1,0
BRDA:9,1,0,0
BRDA:9,1,1,0
BRDA:9,1,2,0
BRDA:9,1,3,0
BRDA:26,2,0,0
BRDA:26,2,1,0
BRDA:26,3,0,0
BRDA:26,3,1,0
BRDA:31,4,0,0
BRDA:31,4,1,0
BRDA:63,5,0,0
BRDA:65,6,0,0
BRDA:65,6,1,0
BRDA:65,7,0,0
BRDA:65,7,1,0
BRF:17
BRH:0
end_of_record
TN:
SF:controllers\contact.controller.js
FN:6,(anonymous_0)
FN:8,(anonymous_1)
FNF:2
FNH:0
FNDA:0,(anonymous_0)
FNDA:0,(anonymous_1)
DA:6,0
DA:8,0
DA:9,0
DA:12,0
DA:13,0
DA:15,0
DA:16,0
DA:18,0
DA:19,0
DA:21,0
DA:22,0
DA:26,0
DA:28,0
LF:13
LH:0
BRDA:12,0,0,0
BRDA:12,0,1,0
BRDA:15,1,0,0
BRDA:15,1,1,0
BRDA:18,2,0,0
BRDA:18,2,1,0
BRDA:21,3,0,0
BRDA:21,3,1,0
BRF:8
BRH:0
end_of_record
TN:
SF:controllers\cpotd.controller.js
FN:11,(anonymous_0)
FN:14,(anonymous_1)
FN:21,(anonymous_2)
FN:28,(anonymous_3)
FN:122,(anonymous_4)
FN:139,(anonymous_5)
FN:153,(anonymous_6)
FN:178,(anonymous_7)
FNF:8
FNH:0
FNDA:0,(anonymous_0)
FNDA:0,(anonymous_1)
FNDA:0,(anonymous_2)
FNDA:0,(anonymous_3)
FNDA:0,(anonymous_4)
FNDA:0,(anonymous_5)
FNDA:0,(anonymous_6)
FNDA:0,(anonymous_7)
DA:11,6
DA:14,6
DA:15,0
DA:17,0
DA:21,6
DA:22,0
DA:24,0
DA:28,6
DA:29,0
DA:30,0
DA:32,0
DA:34,0
DA:35,0
DA:40,0
DA:42,0
DA:44,0
DA:45,0
DA:47,0
DA:48,0
DA:55,0
DA:57,0
DA:59,0
DA:69,0
DA:71,0
DA:73,0
DA:75,0
DA:77,0
DA:78,0
DA:81,0
DA:83,0
DA:85,0
DA:86,0
DA:88,0
DA:89,0
DA:90,0
DA:92,0
DA:93,0
DA:96,0
DA:99,0
DA:115,6
DA:122,6
DA:123,0
DA:125,0
DA:126,0
DA:128,0
DA:137,0
DA:139,0
DA:140,0
DA:142,0
DA:153,6
DA:154,0
DA:156,0
DA:157,0
DA:160,0
DA:163,0
DA:167,0
DA:178,6
DA:179,0
DA:180,0
DA:181,0
DA:187,0
DA:188,0
DA:189,0
DA:190,0
DA:192,0
LF:65
LH:8
BRDA:34,0,0,0
BRDA:34,0,1,0
BRDA:34,1,0,0
BRDA:34,1,1,0
BRDA:57,2,0,0
BRDA:57,2,1,0
BRDA:65,3,0,0
BRDA:65,3,1,0
BRDA:71,4,0,0
BRDA:71,4,1,0
BRDA:77,5,0,0
BRDA:77,5,1,0
BRDA:85,6,0,0
BRDA:85,6,1,0
BRDA:92,7,0,0
BRDA:92,7,1,0
BRDA:126,8,0,0
BRDA:126,8,1,0
BRDA:140,9,0,0
BRDA:140,9,1,0
BRDA:144,10,0,0
BRDA:144,10,1,0
BRDA:144,10,2,0
BRDA:144,10,3,0
BRDA:160,11,0,0
BRDA:160,11,1,0
BRDA:163,12,0,0
BRDA:163,12,1,0
BRDA:180,13,0,0
BRDA:180,13,1,0
BRF:30
BRH:0
end_of_record
TN:
SF:controllers\dashboard.controller.js
FN:7,(anonymous_0)
FN:18,(anonymous_1)
FN:33,(anonymous_2)
FN:36,(anonymous_3)
FN:36,(anonymous_4)
FN:37,(anonymous_5)
FN:59,(anonymous_6)
FNF:7
FNH:0
FNDA:0,(anonymous_0)
FNDA:0,(anonymous_1)
FNDA:0,(anonymous_2)
FNDA:0,(anonymous_3)
FNDA:0,(anonymous_4)
FNDA:0,(anonymous_5)
FNDA:0,(anonymous_6)
DA:7,6
DA:8,0
DA:10,0
DA:12,0
DA:13,0
DA:14,0
DA:16,0
DA:18,0
DA:20,0
DA:27,0
DA:33,6
DA:34,0
DA:35,0
DA:36,0
DA:37,0
DA:38,0
DA:39,0
DA:40,0
DA:41,0
DA:42,0
DA:43,0
DA:44,0
DA:45,0
DA:46,0
DA:48,0
DA:59,6
DA:60,0
DA:62,0
DA:120,0
DA:129,0
LF:30
LH:3
BRDA:22,0,0,0
BRDA:22,0,1,0
BRDA:23,1,0,0
BRDA:23,1,1,0
BRDA:36,2,0,0
BRDA:36,2,1,0
BRDA:37,3,0,0
BRDA:37,3,1,0
BRDA:37,3,2,0
BRDA:50,4,0,0
BRDA:50,4,1,0
BRDA:51,5,0,0
BRDA:51,5,1,0
BRDA:120,6,0,0
BRDA:120,6,1,0
BRF:15
BRH:0
end_of_record
TN:
SF:controllers\doubt.controller.js
FN:6,(anonymous_0)
FN:30,(anonymous_1)
FN:39,(anonymous_2)
FN:79,(anonymous_3)
FN:87,(anonymous_4)
FN:102,(anonymous_5)
FN:107,(anonymous_6)
FNF:7
FNH:0
FNDA:0,(anonymous_0)
FNDA:0,(anonymous_1)
FNDA:0,(anonymous_2)
FNDA:0,(anonymous_3)
FNDA:0,(anonymous_4)
FNDA:0,(anonymous_5)
FNDA:0,(anonymous_6)
DA:6,0
DA:7,0
DA:8,0
DA:10,0
DA:12,0
DA:18,0
DA:21,0
DA:23,0
DA:25,0
DA:30,0
DA:31,0
DA:35,0
DA:39,0
DA:40,0
DA:41,0
DA:43,0
DA:49,0
DA:53,0
DA:58,0
DA:63,0
DA:64,0
DA:71,0
DA:73,0
DA:74,0
DA:79,0
DA:80,0
DA:84,0
DA:87,0
DA:88,0
DA:89,0
DA:91,0
DA:92,0
DA:95,0
DA:97,0
DA:98,0
DA:101,0
DA:102,0
DA:105,0
DA:106,0
DA:107,0
DA:110,0
DA:113,0
DA:116,0
DA:119,0
DA:124,0
DA:129,0
DA:130,0
LF:47
LH:0
BRDA:63,0,0,0
BRDA:63,0,1,0
BRDA:91,1,0,0
BRDA:91,1,1,0
BRDA:97,2,0,0
BRDA:97,2,1,0
BRDA:105,3,0,0
BRDA:105,3,1,0
BRF:8
BRH:0
end_of_record
TN:
SF:controllers\friend.controller.js
FN:9,(anonymous_0)
FN:40,(anonymous_1)
FN:45,(anonymous_2)
FN:91,(anonymous_3)
FN:126,(anonymous_4)
FN:135,(anonymous_5)
FN:149,(anonymous_6)
FN:155,(anonymous_7)
FN:160,(anonymous_8)
FN:210,(anonymous_9)
FN:228,(anonymous_10)
FN:233,(anonymous_11)
FN:246,(anonymous_12)
FN:276,(anonymous_13)
FN:290,(anonymous_14)
FN:295,(anonymous_15)
FN:303,(anonymous_16)
FN:355,(anonymous_17)
FN:373,(anonymous_18)
FN:378,(anonymous_19)
FN:391,(anonymous_20)
FNF:21
FNH:0
FNDA:0,(anonymous_0)
FNDA:0,(anonymous_1)
FNDA:0,(anonymous_2)
FNDA:0,(anonymous_3)
FNDA:0,(anonymous_4)
FNDA:0,(anonymous_5)
FNDA:0,(anonymous_6)
FNDA:0,(anonymous_7)
FNDA:0,(anonymous_8)
FNDA:0,(anonymous_9)
FNDA:0,(anonymous_10)
FNDA:0,(anonymous_11)
FNDA:0,(anonymous_12)
FNDA:0,(anonymous_13)
FNDA:0,(anonymous_14)
FNDA:0,(anonymous_15)
FNDA:0,(anonymous_16)
FNDA:0,(anonymous_17)
FNDA:0,(anonymous_18)
FNDA:0,(anonymous_19)
FNDA:0,(anonymous_20)
DA:9,0
DA:10,0
DA:11,0
DA:13,0
DA:14,0
DA:17,0
DA:18,0
DA:21,0
DA:23,0
DA:27,0
DA:28,0
DA:32,0
DA:33,0
DA:35,0
DA:36,0
DA:40,0
DA:41,0
DA:45,0
DA:46,0
DA:50,0
DA:51,0
DA:53,0
DA:54,0
DA:57,0
DA:58,0
DA:59,0
DA:71,0
DA:91,0
DA:92,0
DA:93,0
DA:95,0
DA:96,0
DA:99,0
DA:100,0
DA:103,0
DA:107,0
DA:111,0
DA:112,0
DA:116,0
DA:117,0
DA:120,0
DA:121,0
DA:125,0
DA:126,0
DA:129,0
DA:130,0
DA:134,0
DA:135,0
DA:138,0
DA:139,0
DA:145,0
DA:147,0
DA:149,0
DA:153,0
DA:155,0
DA:158,0
DA:160,0
DA:166,0
DA:167,0
DA:169,0
DA:170,0
DA:175,0
DA:177,0
DA:178,0
DA:190,0
DA:210,0
DA:211,0
DA:212,0
DA:214,0
DA:216,0
DA:218,0
DA:219,0
DA:222,0
DA:223,0
DA:227,0
DA:228,0
DA:232,0
DA:233,0
DA:236,0
DA:237,0
DA:239,0
DA:246,0
DA:247,0
DA:248,0
DA:250,0
DA:254,0
DA:258,0
DA:259,0
DA:262,0
DA:263,0
DA:266,0
DA:267,0
DA:271,0
DA:272,0
DA:276,0
DA:277,0
DA:283,0
DA:285,0
DA:289,0
DA:290,0
DA:293,0
DA:295,0
DA:302,0
DA:303,0
DA:306,0
DA:307,0
DA:316,0
DA:317,0
DA:319,0
DA:321,0
DA:322,0
DA:324,0
DA:326,0
DA:335,0
DA:341,0
DA:342,0
DA:348,0
DA:355,0
DA:356,0
DA:357,0
DA:359,0
DA:361,0
DA:363,0
DA:364,0
DA:367,0
DA:368,0
DA:372,0
DA:373,0
DA:377,0
DA:378,0
DA:381,0
DA:383,0
DA:384,0
DA:386,0
DA:391,0
DA:392,0
DA:394,0
DA:403,0
LF:138
LH:0
BRDA:13,0,0,0
BRDA:13,0,1,0
BRDA:17,1,0,0
BRDA:17,1,1,0
BRDA:27,2,0,0
BRDA:27,2,1,0
BRDA:27,3,0,0
BRDA:27,3,1,0
BRDA:32,4,0,0
BRDA:32,4,1,0
BRDA:35,5,0,0
BRDA:35,5,1,0
BRDA:40,6,0,0
BRDA:40,6,1,0
BRDA:45,7,0,0
BRDA:45,7,1,0
BRDA:58,8,0,0
BRDA:58,8,1,0
BRDA:58,9,0,0
BRDA:58,9,1,0
BRDA:95,10,0,0
BRDA:95,10,1,0
BRDA:99,11,0,0
BRDA:99,11,1,0
BRDA:111,12,0,0
BRDA:111,12,1,0
BRDA:111,13,0,0
BRDA:111,13,1,0
BRDA:116,14,0,0
BRDA:116,14,1,0
BRDA:120,15,0,0
BRDA:120,15,1,0
BRDA:129,16,0,0
BRDA:129,16,1,0
BRDA:138,17,0,0
BRDA:138,17,1,0
BRDA:177,18,0,0
BRDA:177,18,1,0
BRDA:177,19,0,0
BRDA:177,19,1,0
BRDA:218,20,0,0
BRDA:218,20,1,0
BRDA:218,21,0,0
BRDA:218,21,1,0
BRDA:222,22,0,0
BRDA:222,22,1,0
BRDA:258,23,0,0
BRDA:258,23,1,0
BRDA:258,24,0,0
BRDA:258,24,1,0
BRDA:262,25,0,0
BRDA:262,25,1,0
BRDA:266,26,0,0
BRDA:266,26,1,0
BRDA:271,27,0,0
BRDA:271,27,1,0
BRDA:276,28,0,0
BRDA:276,28,1,0
BRDA:285,29,0,0
BRDA:285,29,1,0
BRDA:286,30,0,0
BRDA:286,30,1,0
BRDA:306,31,0,0
BRDA:306,31,1,0
BRDA:341,32,0,0
BRDA:341,32,1,0
BRDA:363,33,0,0
BRDA:363,33,1,0
BRDA:363,34,0,0
BRDA:363,34,1,0
BRDA:367,35,0,0
BRDA:367,35,1,0
BRDA:407,36,0,0
BRDA:407,36,1,0
BRDA:409,37,0,0
BRDA:409,37,1,0
BRDA:410,38,0,0
BRDA:410,38,1,0
BRDA:413,39,0,0
BRDA:413,39,1,0
BRDA:414,40,0,0
BRDA:414,40,1,0
BRF:82
BRH:0
end_of_record
TN:
SF:controllers\fruitbox.controller.js
FN:6,(anonymous_0)
FN:25,(anonymous_1)
FN:55,(anonymous_2)
FN:97,(anonymous_3)
FNF:4
FNH:0
FNDA:0,(anonymous_0)
FNDA:0,(anonymous_1)
FNDA:0,(anonymous_2)
FNDA:0,(anonymous_3)
DA:6,0
DA:7,0
DA:9,0
DA:10,0
DA:17,0
DA:20,0
DA:25,0
DA:26,0
DA:29,0
DA:30,0
DA:31,0
DA:34,0
DA:38,0
DA:39,0
DA:48,0
DA:51,0
DA:52,0
DA:55,0
DA:57,0
DA:60,0
DA:65,0
DA:67,0
DA:70,0
DA:72,0
DA:73,0
DA:76,0
DA:79,0
DA:82,0
DA:84,0
DA:88,0
DA:97,0
DA:98,0
DA:102,0
LF:33
LH:0
BRDA:9,0,0,0
BRDA:9,0,1,0
BRDA:26,1,0,0
BRDA:29,2,0,0
BRDA:29,2,1,0
BRDA:29,3,0,0
BRDA:29,3,1,0
BRDA:29,3,2,0
BRDA:38,4,0,0
BRDA:38,4,1,0
BRDA:51,5,0,0
BRDA:51,5,1,0
BRDA:57,6,0,0
BRDA:57,6,1,0
BRDA:72,7,0,0
BRDA:72,7,1,0
BRDA:73,8,0,0
BRDA:73,8,1,0
BRF:18
BRH:0
end_of_record
TN:
SF:controllers\generate.controller.js
FN:6,(anonymous_0)
FN:58,(anonymous_1)
FNF:2
FNH:0
FNDA:0,(anonymous_0)
FNDA:0,(anonymous_1)
DA:6,0
DA:7,0
DA:15,0
DA:17,0
DA:18,0
DA:21,0
DA:23,0
DA:24,0
DA:27,0
DA:28,0
DA:29,0
DA:31,0
DA:36,0
DA:46,0
DA:49,0
DA:50,0
DA:56,0
DA:57,0
DA:58,0
DA:59,0
DA:60,0
DA:63,0
DA:67,0
DA:68,0
DA:73,0
DA:77,0
DA:80,0
DA:92,0
DA:93,0
DA:95,0
DA:96,0
DA:99,0
DA:101,0
DA:103,0
DA:109,0
DA:111,0
LF:36
LH:0
BRDA:12,0,0,0
BRDA:13,1,0,0
BRDA:14,2,0,0
BRDA:17,3,0,0
BRDA:17,3,1,0
BRDA:23,4,0,0
BRDA:23,4,1,0
BRDA:27,5,0,0
BRDA:27,5,1,0
BRDA:49,6,0,0
BRDA:49,6,1,0
BRDA:49,7,0,0
BRDA:49,7,1,0
BRDA:56,8,0,0
BRDA:56,8,1,0
BRDA:59,9,0,0
BRDA:59,9,1,0
BRDA:67,10,0,0
BRDA:67,10,1,0
BRDA:68,11,0,0
BRDA:68,11,1,0
BRDA:73,12,0,0
BRDA:73,12,1,0
BRDA:77,13,0,0
BRDA:77,13,1,0
BRDA:93,14,0,0
BRDA:93,14,1,0
BRDA:95,15,0,0
BRDA:95,15,1,0
BRF:29
BRH:0
end_of_record
TN:
SF:controllers\interview.controller.js
FN:8,(anonymous_0)
FN:27,(anonymous_1)
FN:79,(anonymous_2)
FN:193,(anonymous_3)
FN:194,(anonymous_4)
FN:212,(anonymous_5)
FN:243,(anonymous_6)
FN:356,(anonymous_7)
FN:383,(anonymous_8)
FN:415,(anonymous_9)
FN:456,(anonymous_10)
FN:475,(anonymous_11)
FN:489,(anonymous_12)
FN:503,(anonymous_13)
FNF:14
FNH:0
FNDA:0,(anonymous_0)
FNDA:0,(anonymous_1)
FNDA:0,(anonymous_2)
FNDA:0,(anonymous_3)
FNDA:0,(anonymous_4)
FNDA:0,(anonymous_5)
FNDA:0,(anonymous_6)
FNDA:0,(anonymous_7)
FNDA:0,(anonymous_8)
FNDA:0,(anonymous_9)
FNDA:0,(anonymous_10)
FNDA:0,(anonymous_11)
FNDA:0,(anonymous_12)
FNDA:0,(anonymous_13)
DA:8,6
DA:9,0
DA:10,0
DA:11,0
DA:13,0
DA:15,0
DA:16,0
DA:18,0
DA:20,0
DA:23,0
DA:24,0
DA:25,0
DA:27,0
DA:28,0
DA:31,0
DA:33,0
DA:55,0
DA:57,0
DA:59,0
DA:61,0
DA:69,0
DA:71,0
DA:72,0
DA:75,0
DA:79,6
DA:80,0
DA:81,0
DA:83,0
DA:84,0
DA:85,0
DA:87,0
DA:88,0
DA:93,0
DA:95,0
DA:96,0
DA:101,0
DA:102,0
DA:108,0
DA:111,0
DA:113,0
DA:115,0
DA:124,0
DA:125,0
DA:130,0
DA:183,0
DA:185,0
DA:186,0
DA:191,0
DA:193,0
DA:194,0
DA:197,0
DA:198,0
DA:203,0
DA:204,0
DA:206,0
DA:212,0
DA:230,0
DA:237,0
DA:243,6
DA:244,0
DA:245,0
DA:247,0
DA:248,0
DA:251,0
DA:252,0
DA:253,0
DA:254,0
DA:256,0
DA:258,0
DA:264,0
DA:265,0
DA:266,0
DA:267,0
DA:269,0
DA:271,0
DA:276,0
DA:329,0
DA:332,0
DA:333,0
DA:335,0
DA:340,0
DA:341,0
DA:342,0
DA:343,0
DA:344,0
DA:345,0
DA:346,0
DA:348,0
DA:350,0
DA:356,6
DA:357,0
DA:358,0
DA:360,0
DA:361,0
DA:366,0
DA:368,0
DA:369,0
DA:375,0
DA:376,0
DA:378,0
DA:379,0
DA:380,0
DA:381,0
DA:383,0
DA:384,0
DA:385,0
DA:386,0
DA:387,0
DA:390,0
DA:392,0
DA:393,0
DA:396,0
DA:401,0
DA:402,0
DA:404,0
DA:407,0
DA:409,0
DA:410,0
DA:411,0
DA:413,0
DA:415,0
DA:417,0
DA:418,0
DA:425,0
DA:428,0
DA:429,0
DA:431,0
DA:433,0
DA:434,0
DA:438,0
DA:440,0
DA:442,0
DA:445,0
DA:447,0
DA:451,0
DA:456,0
DA:466,0
DA:468,0
DA:475,6
DA:476,0
DA:477,0
DA:481,0
DA:483,0
DA:489,6
DA:490,0
DA:491,0
DA:493,0
DA:494,0
DA:497,0
DA:499,0
DA:500,0
DA:501,0
DA:503,0
DA:504,0
DA:505,0
DA:506,0
DA:508,0
DA:510,0
DA:514,0
DA:518,0
DA:526,0
LF:161
LH:6
BRDA:10,0,0,0
BRDA:10,0,1,0
BRDA:71,1,0,0
BRDA:71,1,1,0
BRDA:71,2,0,0
BRDA:71,2,1,0
BRDA:87,3,0,0
BRDA:87,3,1,0
BRDA:87,4,0,0
BRDA:87,4,1,0
BRDA:87,4,2,0
BRDA:95,5,0,0
BRDA:95,5,1,0
BRDA:101,6,0,0
BRDA:101,6,1,0
BRDA:108,7,0,0
BRDA:108,7,1,0
BRDA:108,8,0,0
BRDA:108,8,1,0
BRDA:111,9,0,0
BRDA:111,9,1,0
BRDA:111,10,0,0
BRDA:111,10,1,0
BRDA:113,11,0,0
BRDA:113,11,1,0
BRDA:124,12,0,0
BRDA:124,12,1,0
BRDA:185,13,0,0
BRDA:185,13,1,0
BRDA:185,14,0,0
BRDA:185,14,1,0
BRDA:197,15,0,0
BRDA:197,15,1,0
BRDA:251,16,0,0
BRDA:251,16,1,0
BRDA:264,17,0,0
BRDA:264,17,1,0
BRDA:360,18,0,0
BRDA:360,18,1,0
BRDA:368,19,0,0
BRDA:368,19,1,0
BRDA:375,20,0,0
BRDA:375,20,1,0
BRDA:384,21,0,0
BRDA:384,21,1,0
BRDA:385,22,0,0
BRDA:385,22,1,0
BRDA:386,23,0,0
BRDA:386,23,1,0
BRDA:387,24,0,0
BRDA:387,24,1,0
BRDA:390,25,0,0
BRDA:390,25,1,0
BRDA:392,26,0,0
BRDA:392,26,1,0
BRDA:393,27,0,0
BRDA:393,27,1,0
BRDA:396,28,0,0
BRDA:396,28,1,0
BRDA:409,29,0,0
BRDA:409,29,1,0
BRDA:410,30,0,0
BRDA:410,30,1,0
BRDA:417,31,0,0
BRDA:417,31,1,0
BRDA:428,32,0,0
BRDA:428,32,1,0
BRDA:429,33,0,0
BRDA:429,33,1,0
BRDA:458,34,0,0
BRDA:458,34,1,0
BRDA:459,35,0,0
BRDA:459,35,1,0
BRDA:460,36,0,0
BRDA:460,36,1,0
BRDA:461,37,0,0
BRDA:461,37,1,0
BRDA:462,38,0,0
BRDA:462,38,1,0
BRDA:493,39,0,0
BRDA:493,39,1,0
BRDA:504,40,0,0
BRDA:504,40,1,0
BRDA:505,41,0,0
BRDA:505,41,1,0
BRDA:506,42,0,0
BRDA:506,42,1,0
BRDA:508,43,0,0
BRDA:508,43,1,0
BRDA:510,44,0,0
BRDA:510,44,1,0
BRDA:514,45,0,0
BRDA:514,45,1,0
BRF:93
BRH:0
end_of_record
TN:
SF:controllers\job.controller.js
FN:6,(anonymous_0)
FN:20,(anonymous_1)
FN:53,(anonymous_2)
FN:68,(anonymous_3)
FN:88,(anonymous_4)
FN:114,(anonymous_5)
FN:138,(anonymous_6)
FNF:7
FNH:0
FNDA:0,(anonymous_0)
FNDA:0,(anonymous_1)
FNDA:0,(anonymous_2)
FNDA:0,(anonymous_3)
FNDA:0,(anonymous_4)
FNDA:0,(anonymous_5)
FNDA:0,(anonymous_6)
DA:6,0
DA:7,0
DA:8,0
DA:10,0
DA:11,0
DA:12,0
DA:13,0
DA:16,0
DA:20,0
DA:21,0
DA:28,0
DA:30,0
DA:32,0
DA:33,0
DA:36,0
DA:37,0
DA:40,0
DA:42,0
DA:52,0
DA:53,0
DA:68,0
DA:69,0
DA:73,0
DA:74,0
DA:75,0
DA:78,0
DA:88,0
DA:89,0
DA:91,0
DA:92,0
DA:94,0
DA:96,0
DA:105,0
DA:114,0
DA:115,0
DA:117,0
DA:118,0
DA:120,0
DA:129,0
DA:138,0
DA:139,0
DA:140,0
DA:142,0
LF:43
LH:0
BRDA:10,0,0,0
BRDA:10,0,1,0
BRDA:24,1,0,0
BRDA:25,2,0,0
BRDA:26,3,0,0
BRDA:27,4,0,0
BRDA:32,5,0,0
BRDA:32,5,1,0
BRDA:36,6,0,0
BRDA:36,6,1,0
BRDA:55,7,0,0
BRDA:55,7,1,0
BRDA:56,8,0,0
BRDA:56,8,1,0
BRDA:57,9,0,0
BRDA:57,9,1,0
BRDA:58,10,0,0
BRDA:58,10,1,0
BRDA:73,11,0,0
BRDA:73,11,1,0
BRDA:80,12,0,0
BRDA:80,12,1,0
BRDA:81,13,0,0
BRDA:81,13,1,0
BRDA:82,14,0,0
BRDA:82,14,1,0
BRDA:83,15,0,0
BRDA:83,15,1,0
BRDA:91,16,0,0
BRDA:91,17,0,0
BRDA:117,18,0,0
BRDA:117,19,0,0
BRF:32
BRH:0
end_of_record
TN:
SF:controllers\leaderboard.controller.js
FN:4,(anonymous_0)
FN:10,(anonymous_1)
FN:14,(anonymous_2)
FN:19,(anonymous_3)
FN:46,(anonymous_4)
FN:49,(anonymous_5)
FN:52,(anonymous_6)
FNF:7
FNH:6
FNDA:5,(anonymous_0)
FNDA:6,(anonymous_1)
FNDA:5,(anonymous_2)
FNDA:0,(anonymous_3)
FNDA:6,(anonymous_4)
FNDA:2,(anonymous_5)
FNDA:5,(anonymous_6)
DA:4,6
DA:5,5
DA:8,5
DA:10,5
DA:11,6
DA:14,6
DA:17,6
DA:18,1
DA:19,0
DA:25,6
DA:26,6
DA:27,6
DA:31,6
DA:35,6
DA:46,6
DA:49,5
DA:52,5
DA:57,5
LF:18
LH:17
BRDA:11,0,0,6
BRDA:11,0,1,0
BRDA:17,1,0,1
BRDA:17,1,1,5
BRDA:17,2,0,6
BRDA:17,2,1,2
BRDA:25,3,0,6
BRDA:25,3,1,1
BRDA:26,4,0,6
BRDA:26,4,1,2
BRDA:27,5,0,6
BRDA:27,5,1,1
BRDA:37,6,0,6
BRDA:37,6,1,6
BRDA:39,7,0,6
BRDA:39,7,1,1
BRF:16
BRH:15
end_of_record
TN:
SF:controllers\maintenance.controller.js
FN:8,(anonymous_0)
FN:32,(anonymous_1)
FN:35,(anonymous_2)
FN:67,(anonymous_3)
FN:89,(anonymous_4)
FN:129,(anonymous_5)
FN:139,(anonymous_6)
FN:157,(anonymous_7)
FNF:8
FNH:0
FNDA:0,(anonymous_0)
FNDA:0,(anonymous_1)
FNDA:0,(anonymous_2)
FNDA:0,(anonymous_3)
FNDA:0,(anonymous_4)
FNDA:0,(anonymous_5)
FNDA:0,(anonymous_6)
FNDA:0,(anonymous_7)
DA:8,6
DA:9,0
DA:11,0
DA:12,0
DA:15,0
DA:21,0
DA:22,0
DA:25,0
DA:32,6
DA:33,0
DA:35,0
DA:45,0
DA:46,0
DA:47,0
DA:48,0
DA:52,0
DA:53,0
DA:60,0
DA:67,6
DA:68,0
DA:80,0
DA:89,6
DA:96,0
DA:98,0
DA:100,0
DA:101,0
DA:102,0
DA:108,0
DA:113,0
DA:115,0
DA:129,6
DA:130,0
DA:132,0
DA:139,6
DA:140,0
DA:146,0
DA:147,0
DA:150,0
DA:157,6
DA:158,0
DA:160,0
DA:161,0
DA:164,0
LF:43
LH:7
BRDA:11,0,0,0
BRDA:11,0,1,0
BRDA:21,1,0,0
BRDA:21,1,1,0
BRDA:52,2,0,0
BRDA:52,2,1,0
BRDA:91,3,0,0
BRDA:92,4,0,0
BRDA:98,5,0,0
BRDA:98,5,1,0
BRDA:98,6,0,0
BRDA:98,6,1,0
BRDA:100,7,0,0
BRDA:100,7,1,0
BRDA:101,8,0,0
BRDA:101,8,1,0
BRDA:146,9,0,0
BRDA:146,9,1,0
BRDA:160,10,0,0
BRDA:160,10,1,0
BRF:20
BRH:0
end_of_record
TN:
SF:controllers\news.controller.js
FN:5,(anonymous_0)
FN:16,(anonymous_1)
FN:47,(anonymous_2)
FN:74,(anonymous_3)
FN:98,(anonymous_4)
FNF:5
FNH:0
FNDA:0,(anonymous_0)
FNDA:0,(anonymous_1)
FNDA:0,(anonymous_2)
FNDA:0,(anonymous_3)
FNDA:0,(anonymous_4)
DA:5,0
DA:6,0
DA:8,0
DA:16,0
DA:17,0
DA:19,0
DA:28,0
DA:30,0
DA:47,0
DA:48,0
DA:49,0
DA:51,0
DA:52,0
DA:53,0
DA:59,0
DA:60,0
DA:62,0
DA:74,0
DA:75,0
DA:76,0
DA:78,0
DA:84,0
DA:86,0
DA:98,0
DA:99,0
DA:101,0
LF:26
LH:0
BRDA:17,0,0,0
BRDA:17,1,0,0
BRDA:20,2,0,0
BRDA:20,2,1,0
BRDA:23,3,0,0
BRDA:23,3,1,0
BRDA:49,4,0,0
BRDA:49,5,0,0
BRDA:52,6,0,0
BRDA:52,6,1,0
BRDA:76,7,0,0
BRDA:76,8,0,0
BRF:12
BRH:0
end_of_record
TN:
SF:controllers\notes.controller.js
FN:4,(anonymous_0)
FN:19,(anonymous_1)
FNF:2
FNH:0
FNDA:0,(anonymous_0)
FNDA:0,(anonymous_1)
DA:4,0
DA:5,0
DA:6,0
DA:7,0
DA:8,0
DA:13,0
DA:15,0
DA:19,0
DA:20,0
DA:21,0
DA:25,0
DA:26,0
DA:30,0
DA:36,0
LF:14
LH:0
BRDA:7,0,0,0
BRDA:7,0,1,0
BRDA:25,1,0,0
BRDA:25,1,1,0
BRDA:25,2,0,0
BRDA:25,2,1,0
BRF:6
BRH:0
end_of_record
TN:
SF:controllers\payment.controller.js
FN:6,(anonymous_0)
FN:39,(anonymous_1)
FNF:2
FNH:0
FNDA:0,(anonymous_0)
FNDA:0,(anonymous_1)
DA:6,6
DA:7,0
DA:8,0
DA:9,0
DA:10,0
DA:13,0
DA:19,0
DA:21,0
DA:30,0
DA:34,0
DA:39,6
DA:40,0
DA:43,0
DA:45,0
DA:47,0
DA:52,0
DA:53,0
DA:56,0
DA:60,0
DA:61,0
DA:64,0
DA:65,0
DA:69,0
DA:70,0
DA:71,0
DA:74,0
DA:78,0
DA:85,0
LF:28
LH:2
BRDA:9,0,0,0
BRDA:9,0,1,0
BRDA:9,1,0,0
BRDA:9,1,1,0
BRDA:52,2,0,0
BRDA:52,2,1,0
BRDA:60,3,0,0
BRDA:60,3,1,0
BRDA:64,4,0,0
BRDA:64,4,1,0
BRF:10
BRH:0
end_of_record
TN:
SF:controllers\pdf.controller.js
FN:3,(anonymous_0)
FN:27,(anonymous_1)
FN:31,(anonymous_2)
FN:51,(anonymous_3)
FN:62,(anonymous_4)
FN:68,(anonymous_5)
FNF:6
FNH:0
FNDA:0,(anonymous_0)
FNDA:0,(anonymous_1)
FNDA:0,(anonymous_2)
FNDA:0,(anonymous_3)
FNDA:0,(anonymous_4)
FNDA:0,(anonymous_5)
DA:3,0
DA:4,0
DA:6,0
DA:7,0
DA:10,0
DA:12,0
DA:13,0
DA:16,0
DA:19,0
DA:20,0
DA:21,0
DA:22,0
DA:25,0
DA:26,0
DA:27,0
DA:28,0
DA:29,0
DA:31,0
DA:32,0
DA:37,0
DA:40,0
DA:41,0
DA:42,0
DA:44,0
DA:49,0
DA:50,0
DA:51,0
DA:52,0
DA:55,0
DA:58,0
DA:59,0
DA:61,0
DA:62,0
DA:63,0
DA:66,0
DA:67,0
DA:68,0
DA:69,0
DA:72,0
DA:73,0
DA:74,0
DA:76,0
LF:42
LH:0
BRDA:6,0,0,0
BRDA:6,0,1,0
BRF:2
BRH:0
end_of_record
TN:
SF:controllers\planner.controller.js
FN:11,(anonymous_0)
FN:32,(anonymous_1)
FN:207,(anonymous_2)
FN:343,(anonymous_3)
FN:352,(anonymous_4)
FN:374,(anonymous_5)
FN:409,(anonymous_6)
FN:424,(anonymous_7)
FN:445,(anonymous_8)
FN:460,(anonymous_9)
FN:529,(anonymous_10)
FN:532,(anonymous_11)
FN:532,(anonymous_12)
FN:546,(anonymous_13)
FN:579,(anonymous_14)
FN:604,(anonymous_15)
FNF:16
FNH:0
FNDA:0,(anonymous_0)
FNDA:0,(anonymous_1)
FNDA:0,(anonymous_2)
FNDA:0,(anonymous_3)
FNDA:0,(anonymous_4)
FNDA:0,(anonymous_5)
FNDA:0,(anonymous_6)
FNDA:0,(anonymous_7)
FNDA:0,(anonymous_8)
FNDA:0,(anonymous_9)
FNDA:0,(anonymous_10)
FNDA:0,(anonymous_11)
FNDA:0,(anonymous_12)
FNDA:0,(anonymous_13)
FNDA:0,(anonymous_14)
FNDA:0,(anonymous_15)
DA:11,0
DA:12,0
DA:13,0
DA:17,0
DA:21,0
DA:27,0
DA:32,0
DA:33,0
DA:34,0
DA:36,0
DA:38,0
DA:39,0
DA:42,0
DA:43,0
DA:46,0
DA:155,0
DA:156,0
DA:159,0
DA:160,0
DA:161,0
DA:162,0
DA:163,0
DA:168,0
DA:169,0
DA:170,0
DA:171,0
DA:173,0
DA:174,0
DA:176,0
DA:182,0
DA:192,0
DA:193,0
DA:195,0
DA:201,0
DA:202,0
DA:207,0
DA:208,0
DA:209,0
DA:210,0
DA:211,0
DA:212,0
DA:215,0
DA:217,0
DA:218,0
DA:223,0
DA:228,0
DA:229,0
DA:232,0
DA:238,0
DA:239,0
DA:240,0
DA:244,0
DA:246,0
DA:247,0
DA:248,0
DA:253,0
DA:254,0
DA:255,0
DA:256,0
DA:257,0
DA:259,0
DA:260,0
DA:266,0
DA:267,0
DA:270,0
DA:273,0
DA:274,0
DA:277,0
DA:278,0
DA:279,0
DA:280,0
DA:283,0
DA:284,0
DA:286,0
DA:289,0
DA:299,0
DA:301,0
DA:306,0
DA:307,0
DA:308,0
DA:310,0
DA:313,0
DA:315,0
DA:331,0
DA:337,0
DA:338,0
DA:340,0
DA:343,0
DA:346,0
DA:347,0
DA:352,0
DA:353,0
DA:354,0
DA:360,0
DA:367,0
DA:369,0
DA:374,0
DA:375,0
DA:376,0
DA:377,0
DA:379,0
DA:385,0
DA:387,0
DA:388,0
DA:389,0
DA:392,0
DA:393,0
DA:394,0
DA:396,0
DA:399,0
DA:403,0
DA:404,0
DA:409,0
DA:410,0
DA:411,0
DA:417,0
DA:419,0
DA:424,0
DA:425,0
DA:426,0
DA:431,0
DA:432,0
DA:437,0
DA:439,0
DA:440,0
DA:445,0
DA:446,0
DA:447,0
DA:449,0
DA:450,0
DA:453,0
DA:455,0
DA:456,0
DA:460,0
DA:461,0
DA:462,0
DA:465,0
DA:466,0
DA:469,0
DA:471,0
DA:472,0
DA:476,0
DA:477,0
DA:480,0
DA:483,0
DA:484,0
DA:489,0
DA:492,0
DA:493,0
DA:501,0
DA:503,0
DA:506,0
DA:507,0
DA:509,0
DA:510,0
DA:512,0
DA:513,0
DA:515,0
DA:516,0
DA:518,0
DA:519,0
DA:521,0
DA:522,0
DA:524,0
DA:527,0
DA:529,0
DA:531,0
DA:532,0
DA:536,0
DA:539,0
DA:540,0
DA:543,0
DA:544,0
DA:546,0
DA:547,0
DA:548,0
DA:549,0
DA:553,0
DA:554,0
DA:555,0
DA:556,0
DA:558,0
DA:559,0
DA:562,0
DA:564,0
DA:566,0
DA:573,0
DA:574,0
DA:579,0
DA:580,0
DA:581,0
DA:583,0
DA:584,0
DA:589,0
DA:590,0
DA:593,0
DA:594,0
DA:595,0
DA:597,0
DA:598,0
DA:601,0
DA:602,0
DA:603,0
DA:604,0
DA:605,0
DA:608,0
DA:611,0
DA:613,0
DA:614,0
DA:619,0
DA:643,0
DA:644,0
DA:647,0
DA:648,0
DA:650,0
DA:658,0
DA:661,0
DA:662,0
DA:665,0
LF:219
LH:0
BRDA:18,0,0,0
BRDA:18,0,1,0
BRDA:38,1,0,0
BRDA:38,1,1,0
BRDA:38,2,0,0
BRDA:38,2,1,0
BRDA:42,3,0,0
BRDA:42,3,1,0
BRDA:142,4,0,0
BRDA:142,4,1,0
BRDA:145,5,0,0
BRDA:145,5,1,0
BRDA:161,6,0,0
BRDA:161,6,1,0
BRDA:162,7,0,0
BRDA:162,7,1,0
BRDA:163,8,0,0
BRDA:163,8,1,0
BRDA:170,9,0,0
BRDA:170,9,1,0
BRDA:173,10,0,0
BRDA:173,10,1,0
BRDA:210,11,0,0
BRDA:210,11,1,0
BRDA:217,12,0,0
BRDA:217,12,1,0
BRDA:228,13,0,0
BRDA:228,13,1,0
BRDA:235,14,0,0
BRDA:235,14,1,0
BRDA:247,15,0,0
BRDA:247,15,1,0
BRDA:254,16,0,0
BRDA:254,16,1,0
BRDA:266,17,0,0
BRDA:266,17,1,0
BRDA:299,18,0,0
BRDA:299,18,1,0
BRDA:301,19,0,0
BRDA:301,19,1,0
BRDA:307,20,0,0
BRDA:307,20,1,0
BRDA:319,21,0,0
BRDA:319,21,1,0
BRDA:319,22,0,0
BRDA:319,22,1,0
BRDA:357,23,0,0
BRDA:357,23,1,0
BRDA:377,24,0,0
BRDA:377,24,1,0
BRDA:382,25,0,0
BRDA:382,25,1,0
BRDA:388,26,0,0
BRDA:388,26,1,0
BRDA:393,27,0,0
BRDA:393,27,1,0
BRDA:400,28,0,0
BRDA:400,28,1,0
BRDA:431,29,0,0
BRDA:431,29,1,0
BRDA:449,30,0,0
BRDA:449,30,1,0
BRDA:465,31,0,0
BRDA:465,31,1,0
BRDA:465,32,0,0
BRDA:465,32,1,0
BRDA:471,33,0,0
BRDA:471,33,1,0
BRDA:476,34,0,0
BRDA:476,34,1,0
BRDA:476,35,0,0
BRDA:476,35,1,0
BRDA:483,36,0,0
BRDA:483,36,1,0
BRDA:483,37,0,0
BRDA:483,37,1,0
BRDA:492,38,0,0
BRDA:492,38,1,0
BRDA:507,39,0,0
BRDA:507,39,1,0
BRDA:507,39,2,0
BRDA:507,39,3,0
BRDA:507,39,4,0
BRDA:507,39,5,0
BRDA:539,40,0,0
BRDA:539,40,1,0
BRDA:547,41,0,0
BRDA:547,41,1,0
BRDA:554,42,0,0
BRDA:554,42,1,0
BRDA:555,43,0,0
BRDA:555,43,1,0
BRDA:558,44,0,0
BRDA:558,44,1,0
BRDA:583,45,0,0
BRDA:583,45,1,0
BRDA:589,46,0,0
BRDA:589,46,1,0
BRDA:613,47,0,0
BRDA:613,47,1,0
BRDA:654,48,0,0
BRDA:654,48,1,0
BRDA:661,49,0,0
BRDA:661,49,1,0
BRDA:661,50,0,0
BRDA:661,50,1,0
BRF:106
BRH:0
end_of_record
TN:
SF:controllers\potd.controller.js
FN:9,(anonymous_0)
FN:12,(anonymous_1)
FN:23,(anonymous_2)
FN:34,(anonymous_3)
FN:67,(anonymous_4)
FN:77,(anonymous_5)
FN:115,(anonymous_6)
FN:154,(anonymous_7)
FN:188,(anonymous_8)
FN:207,(anonymous_9)
FNF:10
FNH:0
FNDA:0,(anonymous_0)
FNDA:0,(anonymous_1)
FNDA:0,(anonymous_2)
FNDA:0,(anonymous_3)
FNDA:0,(anonymous_4)
FNDA:0,(anonymous_5)
FNDA:0,(anonymous_6)
FNDA:0,(anonymous_7)
FNDA:0,(anonymous_8)
FNDA:0,(anonymous_9)
DA:9,6
DA:12,6
DA:13,0
DA:15,0
DA:23,6
DA:24,0
DA:26,0
DA:34,6
DA:35,0
DA:36,0
DA:38,0
DA:39,0
DA:40,0
DA:47,0
DA:48,0
DA:54,0
DA:55,0
DA:57,0
DA:60,0
DA:67,0
DA:68,0
DA:70,0
DA:71,0
DA:72,0
DA:74,0
DA:77,0
DA:80,0
DA:84,0
DA:86,0
DA:89,0
DA:90,0
DA:93,0
DA:95,0
DA:96,0
DA:99,0
DA:101,0
DA:112,0
DA:113,0
DA:115,0
DA:116,0
DA:118,0
DA:119,0
DA:120,0
DA:125,0
DA:126,0
DA:132,0
DA:134,0
DA:135,0
DA:142,0
DA:143,0
DA:144,0
DA:145,0
DA:147,0
DA:149,0
DA:152,0
DA:154,0
DA:156,0
DA:157,0
DA:158,0
DA:162,0
DA:169,0
DA:171,0
DA:188,6
DA:189,0
DA:191,0
DA:192,0
DA:194,0
DA:196,0
DA:198,0
DA:200,0
DA:207,6
DA:208,0
DA:209,0
DA:210,0
DA:216,0
DA:217,0
DA:218,0
DA:219,0
DA:221,0
LF:79
LH:6
BRDA:39,0,0,0
BRDA:39,0,1,0
BRDA:47,1,0,0
BRDA:47,1,1,0
BRDA:47,2,0,0
BRDA:47,2,1,0
BRDA:47,2,2,0
BRDA:67,3,0,0
BRDA:70,4,0,0
BRDA:70,4,1,0
BRDA:71,5,0,0
BRDA:71,5,1,0
BRDA:72,6,0,0
BRDA:72,6,1,0
BRDA:80,7,0,0
BRDA:80,7,1,0
BRDA:89,8,0,0
BRDA:89,8,1,0
BRDA:93,9,0,0
BRDA:93,9,1,0
BRDA:93,10,0,0
BRDA:93,10,1,0
BRDA:106,11,0,0
BRDA:106,11,1,0
BRDA:116,12,0,0
BRDA:116,12,1,0
BRDA:118,13,0,0
BRDA:118,13,1,0
BRDA:125,14,0,0
BRDA:125,14,1,0
BRDA:134,15,0,0
BRDA:134,15,1,0
BRDA:152,16,0,0
BRDA:152,16,1,0
BRDA:156,17,0,0
BRDA:156,17,1,0
BRDA:194,18,0,0
BRDA:194,18,1,0
BRDA:196,19,0,0
BRDA:196,19,1,0
BRDA:198,20,0,0
BRDA:198,20,1,0
BRDA:209,21,0,0
BRDA:209,21,1,0
BRF:44
BRH:0
end_of_record
TN:
SF:controllers\prediction.controller.js
FN:17,(anonymous_0)
FN:120,(anonymous_1)
FNF:2
FNH:0
FNDA:0,(anonymous_0)
FNDA:0,(anonymous_1)
DA:17,6
DA:26,0
DA:28,0
DA:37,0
DA:43,0
DA:44,0
DA:50,0
DA:53,0
DA:55,0
DA:68,0
DA:69,0
DA:74,0
DA:79,0
DA:81,0
DA:82,0
DA:85,0
DA:91,0
DA:97,0
DA:104,0
DA:120,6
DA:122,0
DA:130,0
LF:22
LH:2
BRDA:28,0,0,0
BRDA:28,0,1,0
BRDA:29,1,0,0
BRDA:29,1,1,0
BRDA:29,1,2,0
BRDA:29,1,3,0
BRDA:29,1,4,0
BRDA:29,1,5,0
BRDA:29,1,6,0
BRDA:43,2,0,0
BRDA:43,2,1,0
BRDA:43,3,0,0
BRDA:43,3,1,0
BRDA:81,4,0,0
BRDA:81,4,1,0
BRF:15
BRH:0
end_of_record
TN:
SF:controllers\settings.controller.js
FN:7,(anonymous_0)
FN:30,(anonymous_1)
FN:55,(anonymous_2)
FN:68,(anonymous_3)
FNF:4
FNH:3
FNDA:1,(anonymous_0)
FNDA:3,(anonymous_1)
FNDA:0,(anonymous_2)
FNDA:1,(anonymous_3)
DA:7,6
DA:8,1
DA:10,1
DA:12,1
DA:21,1
DA:24,1
DA:30,6
DA:31,3
DA:34,3
DA:36,1
DA:39,2
DA:41,0
DA:44,2
DA:46,1
DA:49,1
DA:51,1
DA:52,1
DA:55,0
DA:56,0
DA:60,1
DA:62,1
DA:68,6
DA:70,1
DA:72,1
DA:73,1
DA:92,1
LF:26
LH:23
BRDA:10,0,0,1
BRDA:10,0,1,0
BRDA:34,1,0,1
BRDA:34,1,1,2
BRDA:34,2,0,3
BRDA:34,2,1,2
BRDA:39,3,0,0
BRDA:39,3,1,2
BRDA:39,4,0,2
BRDA:39,4,1,0
BRDA:44,5,0,1
BRDA:44,5,1,1
BRDA:44,6,0,2
BRDA:44,6,1,1
BRDA:51,7,0,1
BRDA:51,7,1,0
BRDA:72,8,0,1
BRDA:72,8,1,0
BRF:18
BRH:13
end_of_record
TN:
SF:controllers\support.controller.js
FN:15,(anonymous_0)
FN:239,(anonymous_1)
FN:268,(anonymous_2)
FN:288,(anonymous_3)
FN:302,(anonymous_4)
FN:320,(anonymous_5)
FN:329,(anonymous_6)
FN:345,(anonymous_7)
FN:438,(anonymous_8)
FNF:9
FNH:0
FNDA:0,(anonymous_0)
FNDA:0,(anonymous_1)
FNDA:0,(anonymous_2)
FNDA:0,(anonymous_3)
FNDA:0,(anonymous_4)
FNDA:0,(anonymous_5)
FNDA:0,(anonymous_6)
FNDA:0,(anonymous_7)
FNDA:0,(anonymous_8)
DA:15,0
DA:16,0
DA:32,0
DA:236,0
DA:238,0
DA:239,0
DA:240,0
DA:241,0
DA:245,0
DA:246,0
DA:252,0
DA:260,0
DA:265,0
DA:268,0
DA:269,0
DA:270,0
DA:271,0
DA:277,0
DA:288,0
DA:289,0
DA:290,0
DA:292,0
DA:293,0
DA:297,0
DA:298,0
DA:305,0
DA:306,0
DA:308,0
DA:309,0
DA:312,0
DA:315,0
DA:316,0
DA:324,0
DA:325,0
DA:332,0
DA:345,0
DA:354,0
DA:356,0
DA:358,0
DA:359,0
DA:361,0
DA:371,0
DA:372,0
DA:375,0
DA:376,0
DA:378,0
DA:379,0
DA:380,0
DA:381,0
DA:382,0
DA:386,0
DA:389,0
DA:390,0
DA:392,0
DA:396,0
DA:410,0
DA:415,0
DA:416,0
DA:421,0
DA:425,0
DA:426,0
DA:434,0
DA:440,0
LF:63
LH:0
BRDA:238,0,0,0
BRDA:238,0,1,0
BRDA:238,1,0,0
BRDA:238,1,1,0
BRDA:240,2,0,0
BRDA:240,2,1,0
BRDA:245,3,0,0
BRDA:245,3,1,0
BRDA:289,4,0,0
BRDA:292,5,0,0
BRDA:292,5,1,0
BRDA:297,6,0,0
BRDA:297,6,1,0
BRDA:297,7,0,0
BRDA:297,7,1,0
BRDA:308,8,0,0
BRDA:308,8,1,0
BRDA:315,9,0,0
BRDA:315,9,1,0
BRDA:319,10,0,0
BRDA:319,10,1,0
BRDA:324,11,0,0
BRDA:324,11,1,0
BRDA:328,12,0,0
BRDA:328,12,1,0
BRDA:358,13,0,0
BRDA:358,13,1,0
BRDA:359,14,0,0
BRDA:359,14,1,0
BRDA:371,15,0,0
BRDA:371,15,1,0
BRDA:376,16,0,0
BRDA:376,16,1,0
BRDA:379,17,0,0
BRDA:379,17,1,0
BRDA:381,18,0,0
BRDA:381,18,1,0
BRDA:389,19,0,0
BRDA:389,19,1,0
BRDA:390,20,0,0
BRDA:390,20,1,0
BRDA:392,21,0,0
BRDA:392,21,1,0
BRDA:403,22,0,0
BRDA:403,22,1,0
BRDA:404,23,0,0
BRDA:404,23,1,0
BRDA:425,24,0,0
BRDA:425,24,1,0
BRF:49
BRH:0
end_of_record
TN:
SF:controllers\task.controller.js
FN:10,(anonymous_0)
FN:17,(anonymous_1)
FN:49,(anonymous_2)
FN:62,(anonymous_3)
FN:80,(anonymous_4)
FN:131,(anonymous_5)
FN:149,(anonymous_6)
FN:171,(anonymous_7)
FN:207,(anonymous_8)
FNF:9
FNH:0
FNDA:0,(anonymous_0)
FNDA:0,(anonymous_1)
FNDA:0,(anonymous_2)
FNDA:0,(anonymous_3)
FNDA:0,(anonymous_4)
FNDA:0,(anonymous_5)
FNDA:0,(anonymous_6)
FNDA:0,(anonymous_7)
FNDA:0,(anonymous_8)
DA:10,0
DA:11,0
DA:17,0
DA:18,0
DA:20,0
DA:21,0
DA:24,0
DA:25,0
DA:28,0
DA:29,0
DA:32,0
DA:41,0
DA:49,0
DA:50,0
DA:54,0
DA:62,0
DA:63,0
DA:68,0
DA:69,0
DA:72,0
DA:80,0
DA:81,0
DA:83,0
DA:88,0
DA:89,0
DA:92,0
DA:93,0
DA:94,0
DA:96,0
DA:99,0
DA:100,0
DA:103,0
DA:104,0
DA:105,0
DA:107,0
DA:110,0
DA:111,0
DA:112,0
DA:114,0
DA:117,0
DA:118,0
DA:121,0
DA:123,0
DA:131,0
DA:132,0
DA:137,0
DA:138,0
DA:141,0
DA:149,0
DA:150,0
DA:155,0
DA:156,0
DA:159,0
DA:161,0
DA:163,0
DA:171,0
DA:172,0
DA:177,0
DA:178,0
DA:181,0
DA:182,0
DA:184,0
DA:185,0
DA:186,0
DA:188,0
DA:189,0
DA:190,0
DA:195,0
DA:197,0
DA:199,0
DA:207,0
DA:208,0
DA:213,0
DA:214,0
DA:217,0
LF:75
LH:0
BRDA:20,0,0,0
BRDA:20,0,1,0
BRDA:20,1,0,0
BRDA:20,1,1,0
BRDA:24,2,0,0
BRDA:24,2,1,0
BRDA:28,3,0,0
BRDA:28,3,1,0
BRDA:35,4,0,0
BRDA:35,4,1,0
BRDA:38,5,0,0
BRDA:38,5,1,0
BRDA:68,6,0,0
BRDA:68,6,1,0
BRDA:88,7,0,0
BRDA:88,7,1,0
BRDA:92,8,0,0
BRDA:92,8,1,0
BRDA:93,9,0,0
BRDA:93,9,1,0
BRDA:99,10,0,0
BRDA:99,10,1,0
BRDA:103,11,0,0
BRDA:103,11,1,0
BRDA:104,12,0,0
BRDA:104,12,1,0
BRDA:110,13,0,0
BRDA:110,13,1,0
BRDA:111,14,0,0
BRDA:111,14,1,0
BRDA:117,15,0,0
BRDA:117,15,1,0
BRDA:118,16,0,0
BRDA:118,16,1,0
BRDA:137,17,0,0
BRDA:137,17,1,0
BRDA:155,18,0,0
BRDA:155,18,1,0
BRDA:177,19,0,0
BRDA:177,19,1,0
BRDA:181,20,0,0
BRDA:181,20,1,0
BRDA:188,21,0,0
BRDA:188,21,1,0
BRDA:213,22,0,0
BRDA:213,22,1,0
BRF:46
BRH:0
end_of_record
TN:
SF:controllers\ticket.controller.js
FN:20,(anonymous_0)
FN:43,(anonymous_1)
FN:122,(anonymous_2)
FN:160,(anonymous_3)
FN:200,(anonymous_4)
FN:294,(anonymous_5)
FN:352,(anonymous_6)
FN:428,(anonymous_7)
FN:522,(anonymous_8)
FN:552,(anonymous_9)
FNF:10
FNH:9
FNDA:2,(anonymous_0)
FNDA:5,(anonymous_1)
FNDA:2,(anonymous_2)
FNDA:3,(anonymous_3)
FNDA:4,(anonymous_4)
FNDA:2,(anonymous_5)
FNDA:1,(anonymous_6)
FNDA:2,(anonymous_7)
FNDA:0,(anonymous_8)
FNDA:1,(anonymous_9)
DA:20,6
DA:21,2
DA:22,2
DA:23,2
DA:25,2
DA:26,2
DA:27,2
DA:29,2
DA:30,2
DA:32,0
DA:35,0
DA:36,0
DA:43,6
DA:44,5
DA:45,5
DA:47,5
DA:48,4
DA:49,4
DA:51,3
DA:61,3
DA:62,1
DA:65,2
DA:66,2
DA:68,2
DA:69,2
DA:70,0
DA:71,0
DA:72,0
DA:76,2
DA:78,2
DA:90,2
DA:95,2
DA:96,2
DA:101,0
DA:105,2
DA:106,2
DA:113,2
DA:122,6
DA:123,2
DA:124,2
DA:126,2
DA:127,2
DA:128,1
DA:131,2
DA:133,2
DA:143,2
DA:160,6
DA:161,3
DA:162,3
DA:164,3
DA:168,3
DA:172,3
DA:174,3
DA:175,1
DA:178,2
DA:183,2
DA:184,2
DA:185,1
DA:191,2
DA:200,6
DA:201,4
DA:202,4
DA:203,4
DA:205,4
DA:209,4
DA:211,3
DA:212,3
DA:214,3
DA:215,0
DA:218,3
DA:219,0
DA:222,3
DA:223,1
DA:226,2
DA:235,2
DA:236,2
DA:238,2
DA:239,2
DA:240,1
DA:243,2
DA:245,2
DA:250,2
DA:251,2
DA:253,1
DA:257,1
DA:259,1
DA:266,0
DA:270,2
DA:271,2
DA:280,2
DA:282,2
DA:285,2
DA:294,6
DA:295,2
DA:296,2
DA:298,2
DA:299,2
DA:301,2
DA:302,0
DA:305,2
DA:306,1
DA:309,1
DA:310,1
DA:311,1
DA:312,1
DA:313,1
DA:315,1
DA:320,1
DA:321,1
DA:326,0
DA:330,1
DA:331,1
DA:336,1
DA:343,1
DA:352,6
DA:362,1
DA:364,1
DA:366,1
DA:367,0
DA:369,1
DA:370,0
DA:372,1
DA:373,0
DA:383,0
DA:384,0
DA:388,1
DA:389,0
DA:390,0
DA:398,1
DA:399,1
DA:401,1
DA:411,1
DA:428,6
DA:429,2
DA:430,2
DA:432,2
DA:434,2
DA:435,2
DA:436,1
DA:437,1
DA:440,1
DA:441,1
DA:442,0
DA:443,0
DA:446,1
DA:449,1
DA:451,1
DA:452,0
DA:455,1
DA:456,1
DA:457,0
DA:458,0
DA:461,1
DA:462,1
DA:464,1
DA:471,1
DA:473,1
DA:474,1
DA:475,1
DA:479,1
DA:482,1
DA:483,1
DA:488,1
DA:489,1
DA:491,0
DA:500,1
DA:501,1
DA:508,1
DA:509,1
DA:513,1
DA:522,6
DA:523,0
DA:525,0
DA:526,0
DA:528,0
DA:529,0
DA:532,0
DA:533,0
DA:537,0
DA:543,0
DA:552,6
DA:553,1
DA:562,1
DA:567,1
DA:568,1
DA:570,1
LF:186
LH:152
BRDA:30,0,0,2
BRDA:30,0,1,0
BRDA:47,1,0,1
BRDA:47,1,1,4
BRDA:48,2,0,0
BRDA:48,2,1,4
BRDA:49,3,0,1
BRDA:49,3,1,3
BRDA:61,4,0,1
BRDA:61,4,1,2
BRDA:66,5,0,1
BRDA:66,5,1,1
BRDA:69,6,0,0
BRDA:69,6,1,2
BRDA:71,7,0,0
BRDA:71,7,1,0
BRDA:85,8,0,2
BRDA:85,8,1,1
BRDA:86,9,0,2
BRDA:86,9,1,2
BRDA:105,10,0,2
BRDA:105,10,1,0
BRDA:124,11,0,2
BRDA:124,12,0,2
BRDA:127,13,0,1
BRDA:127,13,1,1
BRDA:127,14,0,2
BRDA:127,14,1,1
BRDA:164,15,0,3
BRDA:164,15,1,2
BRDA:164,15,2,2
BRDA:172,16,0,0
BRDA:172,16,1,3
BRDA:174,17,0,1
BRDA:174,17,1,2
BRDA:174,18,0,3
BRDA:174,18,1,2
BRDA:184,19,0,1
BRDA:184,19,1,1
BRDA:202,20,0,4
BRDA:205,21,0,4
BRDA:205,21,1,3
BRDA:205,21,2,3
BRDA:209,22,0,1
BRDA:209,22,1,3
BRDA:212,23,0,0
BRDA:212,23,1,3
BRDA:214,24,0,0
BRDA:214,24,1,3
BRDA:214,25,0,3
BRDA:214,25,1,2
BRDA:218,26,0,0
BRDA:218,26,1,3
BRDA:218,27,0,3
BRDA:218,27,1,0
BRDA:222,28,0,1
BRDA:222,28,1,2
BRDA:222,29,0,3
BRDA:222,29,1,2
BRDA:229,30,0,1
BRDA:229,30,1,1
BRDA:229,31,0,0
BRDA:229,31,1,1
BRDA:235,32,0,2
BRDA:235,32,1,2
BRDA:239,33,0,1
BRDA:239,33,1,1
BRDA:239,34,0,2
BRDA:239,34,1,1
BRDA:251,35,0,1
BRDA:251,35,1,1
BRDA:251,36,0,2
BRDA:251,36,1,1
BRDA:257,37,0,1
BRDA:257,37,1,0
BRDA:257,38,0,1
BRDA:257,38,1,1
BRDA:270,39,0,2
BRDA:270,39,1,0
BRDA:275,40,0,1
BRDA:275,40,1,1
BRDA:299,41,0,0
BRDA:299,41,1,2
BRDA:301,42,0,0
BRDA:301,42,1,2
BRDA:305,43,0,1
BRDA:305,43,1,1
BRDA:330,44,0,1
BRDA:330,44,1,0
BRDA:358,45,0,1
BRDA:359,46,0,1
BRDA:360,47,0,1
BRDA:361,48,0,1
BRDA:366,49,0,0
BRDA:366,49,1,1
BRDA:366,50,0,1
BRDA:366,50,1,0
BRDA:369,51,0,0
BRDA:369,51,1,1
BRDA:369,52,0,1
BRDA:369,52,1,0
BRDA:372,53,0,0
BRDA:372,53,1,1
BRDA:383,54,0,0
BRDA:383,54,1,0
BRDA:388,55,0,0
BRDA:388,55,1,1
BRDA:399,56,0,0
BRDA:399,56,1,1
BRDA:435,57,0,1
BRDA:435,57,1,1
BRDA:441,58,0,0
BRDA:441,58,1,1
BRDA:451,59,0,0
BRDA:451,59,1,1
BRDA:455,60,0,1
BRDA:455,60,1,0
BRDA:457,61,0,0
BRDA:457,61,1,0
BRDA:457,62,0,0
BRDA:457,62,1,0
BRDA:471,63,0,1
BRDA:471,63,1,1
BRDA:473,64,0,1
BRDA:473,64,1,0
BRDA:474,65,0,1
BRDA:474,65,1,0
BRDA:475,66,0,1
BRDA:475,66,1,0
BRDA:475,66,2,0
BRDA:479,67,0,0
BRDA:479,67,1,1
BRDA:479,68,0,1
BRDA:479,68,1,1
BRDA:500,69,0,1
BRDA:500,69,1,0
BRDA:526,70,0,0
BRDA:526,70,1,0
BRDA:532,71,0,0
BRDA:532,71,1,0
BRF:140
BRH:97
end_of_record
TN:
SF:controllers\user.controller.js
FN:10,(anonymous_0)
FN:25,(anonymous_1)
FN:26,(anonymous_2)
FNF:3
FNH:0
FNDA:0,(anonymous_0)
FNDA:0,(anonymous_1)
FNDA:0,(anonymous_2)
DA:10,0
DA:11,0
DA:14,0
DA:18,0
DA:19,0
DA:23,0
DA:25,0
DA:26,0
DA:30,0
DA:38,0
LF:10
LH:0
BRDA:18,0,0,0
BRDA:18,0,1,0
BRDA:42,1,0,0
BRDA:42,1,1,0
BRF:4
BRH:0
end_of_record
TN:
SF:controllers\voice.controller.js
FN:7,(anonymous_0)
FN:52,(anonymous_1)
FN:66,(anonymous_2)
FN:86,(anonymous_3)
FN:116,(anonymous_4)
FNF:5
FNH:0
FNDA:0,(anonymous_0)
FNDA:0,(anonymous_1)
FNDA:0,(anonymous_2)
FNDA:0,(anonymous_3)
FNDA:0,(anonymous_4)
DA:7,0
DA:8,0
DA:9,0
DA:11,0
DA:12,0
DA:15,0
DA:23,0
DA:27,0
DA:30,0
DA:38,0
DA:52,0
DA:53,0
DA:55,0
DA:61,0
DA:66,0
DA:67,0
DA:68,0
DA:70,0
DA:77,0
DA:78,0
DA:81,0
DA:86,0
DA:87,0
DA:89,0
DA:90,0
DA:92,0
DA:93,0
DA:94,0
DA:96,0
DA:98,0
DA:100,0
DA:101,0
DA:113,0
DA:116,0
DA:123,0
DA:125,0
DA:127,0
DA:132,0
DA:133,0
DA:136,0
DA:137,0
DA:138,0
DA:139,0
DA:141,0
DA:143,0
LF:45
LH:0
BRDA:11,0,0,0
BRDA:11,0,1,0
BRDA:15,1,0,0
BRDA:15,1,1,0
BRDA:34,2,0,0
BRDA:34,2,1,0
BRDA:77,3,0,0
BRDA:77,3,1,0
BRDA:89,4,0,0
BRDA:89,4,1,0
BRDA:92,5,0,0
BRDA:92,5,1,0
BRDA:93,6,0,0
BRDA:93,6,1,0
BRDA:94,7,0,0
BRDA:94,7,1,0
BRDA:100,8,0,0
BRDA:100,8,1,0
BRDA:100,9,0,0
BRDA:100,9,1,0
BRDA:132,10,0,0
BRDA:132,10,1,0
BRDA:136,11,0,0
BRDA:136,11,1,0
BRDA:137,12,0,0
BRDA:137,12,1,0
BRDA:138,13,0,0
BRDA:138,13,1,0
BRDA:139,14,0,0
BRDA:139,14,1,0
BRF:30
BRH:0
end_of_record
TN:
SF:controllers\xp.controller.js
FN:7,(anonymous_0)
FN:34,(anonymous_1)
FN:63,(anonymous_2)
FN:91,(anonymous_3)
FN:112,(anonymous_4)
FN:153,(anonymous_5)
FNF:6
FNH:5
FNDA:7,(anonymous_0)
FNDA:0,(anonymous_1)
FNDA:8,(anonymous_2)
FNDA:1,(anonymous_3)
FNDA:1,(anonymous_4)
FNDA:2,(anonymous_5)
DA:7,6
DA:8,7
DA:10,7
DA:12,7
DA:13,4
DA:19,3
DA:22,3
DA:23,0
DA:27,3
DA:28,3
DA:30,3
DA:32,3
DA:34,3
DA:36,3
DA:37,3
DA:44,3
DA:47,3
DA:49,3
DA:51,3
DA:53,3
DA:63,6
DA:64,8
DA:66,8
DA:68,8
DA:69,2
DA:75,6
DA:77,6
DA:78,0
DA:85,6
DA:86,0
DA:90,6
DA:91,1
DA:95,6
DA:97,6
DA:98,2
DA:102,6
DA:104,6
DA:106,6
DA:108,6
DA:110,6
DA:112,6
DA:114,6
DA:115,5
DA:122,5
DA:125,6
DA:126,6
DA:128,6
DA:130,6
DA:131,6
DA:133,6
DA:134,5
DA:137,6
DA:139,6
DA:153,6
DA:154,2
DA:156,2
DA:157,0
DA:163,2
LF:58
LH:54
BRDA:12,0,0,4
BRDA:12,0,1,3
BRDA:12,1,0,7
BRDA:12,1,1,6
BRDA:12,1,2,4
BRDA:22,2,0,0
BRDA:22,2,1,3
BRDA:36,3,0,3
BRDA:36,3,1,0
BRDA:68,4,0,2
BRDA:68,4,1,6
BRDA:68,5,0,8
BRDA:68,5,1,8
BRDA:68,5,2,7
BRDA:77,6,0,0
BRDA:77,6,1,6
BRDA:85,7,0,0
BRDA:85,7,1,6
BRDA:91,8,0,1
BRDA:91,8,1,1
BRDA:91,8,2,1
BRDA:97,9,0,2
BRDA:97,9,1,4
BRDA:102,10,0,6
BRDA:102,10,1,0
BRDA:104,11,0,6
BRDA:104,11,1,0
BRDA:114,12,0,5
BRDA:114,12,1,1
BRDA:125,13,0,6
BRDA:125,13,1,5
BRDA:126,14,0,6
BRDA:126,14,1,5
BRDA:133,15,0,5
BRDA:133,15,1,1
BRDA:156,16,0,0
BRDA:156,16,1,2
BRDA:165,17,0,2
BRDA:165,17,1,0
BRF:39
BRH:31
end_of_record
TN:
SF:middlewares\admin.middleware.js
FN:3,(anonymous_0)
FNF:1
FNH:1
FNDA:24,(anonymous_0)
DA:3,7
DA:5,24
DA:9,24
DA:10,8
DA:12,16
LF:5
LH:5
BRDA:5,0,0,24
BRDA:5,0,1,10
BRDA:5,0,2,9
BRDA:9,1,0,8
BRDA:9,1,1,16
BRDA:9,2,0,24
BRDA:9,2,1,22
BRF:7
BRH:7
end_of_record
TN:
SF:middlewares\errorHandler.js
FN:4,(anonymous_0)
FNF:1
FNH:1
FNDA:47,(anonymous_0)
DA:4,7
DA:6,47
DA:7,45
DA:13,2
DA:14,1
DA:20,1
DA:21,1
LF:7
LH:7
BRDA:6,0,0,45
BRDA:6,0,1,2
BRDA:13,1,0,1
BRDA:13,1,1,1
BRF:4
BRH:4
end_of_record
TN:
SF:middlewares\isAuth.js
FN:5,(anonymous_0)
FNF:1
FNH:1
FNDA:68,(anonymous_0)
DA:5,6
DA:6,68
DA:8,68
DA:10,68
DA:11,3
DA:14,65
DA:16,64
DA:18,64
DA:19,0
DA:23,64
DA:25,64
DA:26,61
DA:27,61
DA:30,64
DA:31,61
DA:32,61
DA:35,64
DA:38,64
DA:39,0
DA:47,64
DA:48,64
DA:49,64
DA:51,4
LF:23
LH:21
BRDA:8,0,0,68
BRDA:8,0,1,3
BRDA:10,1,0,3
BRDA:10,1,1,65
BRDA:18,2,0,0
BRDA:18,2,1,64
BRDA:25,3,0,61
BRDA:25,3,1,3
BRDA:30,4,0,61
BRDA:30,4,1,3
BRDA:38,5,0,0
BRDA:38,5,1,64
BRDA:41,6,0,0
BRDA:41,6,1,0
BRF:14
BRH:10
end_of_record
TN:
SF:middlewares\maintenanceCheck.js
FN:7,(anonymous_0)
FNF:1
FNH:1
FNDA:22,(anonymous_0)
DA:7,6
DA:8,22
DA:9,22
DA:11,22
DA:14,0
DA:24,22
DA:26,0
DA:27,0
DA:38,22
DA:40,0
LF:10
LH:6
BRDA:11,0,0,0
BRDA:11,0,1,22
BRDA:11,1,0,22
BRDA:11,1,1,0
BRDA:24,2,0,0
BRDA:24,2,1,22
BRDA:26,3,0,0
BRDA:26,3,1,0
BRDA:26,4,0,0
BRDA:26,4,1,0
BRF:10
BRH:3
end_of_record
TN:
SF:middlewares\multer.js
FN:5,(anonymous_0)
FN:9,(anonymous_1)
FN:17,(anonymous_2)
FNF:3
FNH:0
FNDA:0,(anonymous_0)
FNDA:0,(anonymous_1)
FNDA:0,(anonymous_2)
DA:4,6
DA:6,0
DA:11,0
DA:13,0
DA:17,6
DA:18,0
DA:25,0
DA:26,0
DA:28,0
DA:32,6
LF:10
LH:3
BRDA:25,0,0,0
BRDA:25,0,1,0
BRF:2
BRH:0
end_of_record
TN:
SF:middlewares\superAdmin.middleware.js
FN:3,(anonymous_0)
FNF:1
FNH:1
FNDA:3,(anonymous_0)
DA:3,6
DA:5,3
DA:8,3
DA:9,1
DA:11,2
LF:5
LH:5
BRDA:5,0,0,3
BRDA:5,0,1,1
BRDA:8,1,0,1
BRDA:8,1,1,2
BRDA:8,2,0,3
BRDA:8,2,1,3
BRF:6
BRH:6
end_of_record
TN:
SF:utils\ApiError.js
FN:2,(anonymous_0)
FNF:1
FNH:1
FNDA:58,(anonymous_0)
DA:8,58
DA:10,58
DA:11,58
DA:12,58
DA:13,58
DA:14,58
DA:16,58
DA:17,1
DA:19,57
LF:9
LH:9
BRDA:4,0,0,1
BRDA:5,1,0,56
BRDA:6,2,0,57
BRDA:16,3,0,1
BRDA:16,3,1,57
BRF:5
BRH:5
end_of_record
TN:
SF:utils\ApiResponse.js
FN:2,(anonymous_0)
FNF:1
FNH:1
FNDA:218,(anonymous_0)
DA:3,218
DA:4,218
DA:5,218
DA:6,218
LF:4
LH:4
BRDA:2,0,0,2
BRF:1
BRH:1
end_of_record
TN:
SF:utils\asyncHandler.js
FN:1,(anonymous_0)
FN:2,(anonymous_1)
FNF:2
FNH:2
FNDA:496,(anonymous_0)
FNDA:247,(anonymous_1)
DA:1,7
DA:2,496
DA:3,247
LF:3
LH:3
BRF:0
BRH:0
end_of_record
TN:
SF:utils\authValidators.js
FN:4,(anonymous_0)
FN:6,(anonymous_1)
FN:8,(anonymous_2)
FN:11,(anonymous_3)
FN:13,(anonymous_4)
FN:15,(anonymous_5)
FNF:6
FNH:6
FNDA:161,(anonymous_0)
FNDA:12,(anonymous_1)
FNDA:12,(anonymous_2)
FNDA:10,(anonymous_3)
FNDA:25,(anonymous_4)
FNDA:141,(anonymous_5)
DA:4,161
DA:6,12
DA:8,7
DA:9,12
DA:11,10
DA:13,25
DA:15,7
DA:16,141
DA:17,141
DA:18,141
DA:19,141
DA:20,141
DA:21,141
DA:22,141
LF:14
LH:14
BRDA:6,0,0,12
BRDA:6,0,1,9
BRDA:9,1,0,12
BRDA:9,1,1,8
BRDA:9,1,2,6
BRDA:11,2,0,10
BRDA:11,2,1,9
BRDA:16,3,0,140
BRDA:16,3,1,1
BRF:9
BRH:9
end_of_record
TN:
SF:utils\badgeManager.js
FN:1,(anonymous_0)
FN:39,(anonymous_1)
FN:41,(anonymous_2)
FNF:3
FNH:3
FNDA:165,(anonymous_0)
FNDA:3300,(anonymous_1)
FNDA:4832,(anonymous_2)
DA:1,7
DA:2,165
DA:4,165
DA:37,165
DA:39,165
DA:40,3300
DA:41,4832
DA:44,3300
DA:45,410
DA:52,410
DA:53,410
DA:57,165
LF:12
LH:12
BRDA:31,0,0,165
BRDA:31,0,1,6
BRDA:32,1,0,165
BRDA:32,1,1,2
BRDA:33,2,0,165
BRDA:33,2,1,3
BRDA:37,3,0,1
BRDA:37,3,1,164
BRDA:44,4,0,410
BRDA:44,4,1,2890
BRDA:44,5,0,3300
BRDA:44,5,1,411
BRF:12
BRH:12
end_of_record
TN:
SF:utils\predictionScorer.js
FN:4,(anonymous_0)
FN:131,(anonymous_1)
FN:172,(anonymous_2)
FN:183,(anonymous_3)
FN:219,(anonymous_4)
FNF:5
FNH:0
FNDA:0,(anonymous_0)
FNDA:0,(anonymous_1)
FNDA:0,(anonymous_2)
FNDA:0,(anonymous_3)
FNDA:0,(anonymous_4)
DA:4,6
DA:5,0
DA:39,0
DA:46,0
DA:52,0
DA:60,0
DA:69,0
DA:70,0
DA:72,0
DA:73,0
DA:74,0
DA:75,0
DA:76,0
DA:77,0
DA:78,0
DA:79,0
DA:80,0
DA:81,0
DA:83,0
DA:84,0
DA:88,0
DA:89,0
DA:90,0
DA:91,0
DA:92,0
DA:93,0
DA:94,0
DA:95,0
DA:96,0
DA:97,0
DA:99,0
DA:100,0
DA:104,0
DA:105,0
DA:106,0
DA:107,0
DA:108,0
DA:109,0
DA:110,0
DA:111,0
DA:112,0
DA:113,0
DA:115,0
DA:116,0
DA:120,0
DA:131,6
DA:134,0
DA:172,6
DA:175,0
DA:180,0
DA:184,0
DA:189,0
DA:199,0
DA:206,0
DA:214,0
DA:220,0
DA:225,0
DA:228,0
DA:234,0
DA:237,0
DA:243,0
DA:248,0
DA:258,0
DA:261,0
DA:265,0
DA:266,0
DA:270,0
LF:67
LH:3
BRDA:33,0,0,0
BRDA:33,0,1,0
BRDA:72,1,0,0
BRDA:72,1,1,0
BRDA:73,2,0,0
BRDA:73,2,1,0
BRDA:76,3,0,0
BRDA:76,3,1,0
BRDA:79,4,0,0
BRDA:79,4,1,0
BRDA:88,5,0,0
BRDA:88,5,1,0
BRDA:89,6,0,0
BRDA:89,6,1,0
BRDA:92,7,0,0
BRDA:92,7,1,0
BRDA:95,8,0,0
BRDA:95,8,1,0
BRDA:104,9,0,0
BRDA:104,9,1,0
BRDA:105,10,0,0
BRDA:105,10,1,0
BRDA:108,11,0,0
BRDA:108,11,1,0
BRDA:111,12,0,0
BRDA:111,12,1,0
BRDA:173,13,0,0
BRDA:175,14,0,0
BRDA:175,14,1,0
BRDA:189,15,0,0
BRDA:189,15,1,0
BRDA:190,16,0,0
BRDA:190,16,1,0
BRDA:190,16,2,0
BRDA:206,17,0,0
BRDA:206,17,1,0
BRDA:207,18,0,0
BRDA:207,18,1,0
BRDA:207,18,2,0
BRDA:225,19,0,0
BRDA:225,19,1,0
BRDA:234,20,0,0
BRDA:234,20,1,0
BRDA:238,21,0,0
BRDA:238,21,1,0
BRDA:243,22,0,0
BRDA:243,22,1,0
BRDA:249,23,0,0
BRDA:249,23,1,0
BRDA:258,24,0,0
BRDA:258,24,1,0
BRDA:265,25,0,0
BRDA:265,25,1,0
BRF:53
BRH:0
end_of_record
TN:
SF:utils\streakManager.js
FN:3,(anonymous_0)
FNF:1
FNH:1
FNDA:148,(anonymous_0)
DA:3,7
DA:4,148
DA:5,148
DA:7,148
DA:9,148
DA:10,144
DA:11,144
DA:14,148
DA:15,4
DA:16,4
DA:18,144
DA:20,144
DA:21,3
DA:22,3
DA:23,141
DA:24,3
DA:28,148
DA:29,147
DA:32,148
LF:19
LH:19
BRDA:9,0,0,144
BRDA:9,0,1,4
BRDA:14,1,0,4
BRDA:14,1,1,144
BRDA:20,2,0,3
BRDA:20,2,1,141
BRDA:23,3,0,3
BRDA:23,3,1,138
BRDA:28,4,0,147
BRDA:28,4,1,1
BRF:10
BRH:10
end_of_record
TN:
SF:utils\twoFactor.js
FN:7,(anonymous_0)
FN:9,(anonymous_1)
FN:25,(anonymous_2)
FN:29,(anonymous_3)
FN:38,(anonymous_4)
FN:48,(anonymous_5)
FN:49,(anonymous_6)
FN:54,(anonymous_7)
FN:59,(anonymous_8)
FN:62,(anonymous_9)
FNF:10
FNH:10
FNDA:154,(anonymous_0)
FNDA:5,(anonymous_1)
FNDA:2,(anonymous_2)
FNDA:3,(anonymous_3)
FNDA:4,(anonymous_4)
FNDA:8,(anonymous_5)
FNDA:10,(anonymous_6)
FNDA:5,(anonymous_7)
FNDA:6,(anonymous_8)
FNDA:3,(anonymous_9)
DA:5,7
DA:7,154
DA:9,7
DA:14,5
DA:18,5
DA:25,7
DA:26,2
DA:29,7
DA:30,3
DA:38,7
DA:39,4
DA:40,4
DA:41,121
DA:42,121
DA:43,121
DA:45,4
DA:48,7
DA:49,8
DA:50,10
DA:54,7
DA:55,5
DA:59,6
DA:62,7
DA:63,3
LF:24
LH:24
BRDA:10,0,0,3
BRDA:11,1,0,3
BRDA:14,2,0,1
BRDA:14,2,1,4
BRDA:38,3,0,2
BRF:5
BRH:5
end_of_record
TN:
SF:utils\xpManager.js
FN:1,(anonymous_0)
FN:25,(anonymous_1)
FN:27,(anonymous_2)
FNF:3
FNH:3
FNDA:26,(anonymous_0)
FNDA:6,(anonymous_1)
FNDA:12,(anonymous_2)
DA:1,8
DA:2,26
DA:3,26
DA:5,26
DA:7,26
DA:8,26
DA:9,26
DA:11,26
DA:12,13
DA:13,13
DA:14,13
DA:17,26
DA:18,26
DA:19,26
DA:25,8
DA:26,6
DA:27,6
DA:28,12
DA:29,8
DA:32,6
LF:20
LH:20
BRDA:1,0,0,25
BRDA:2,1,0,24
BRDA:2,1,1,2
BRDA:3,2,0,1
BRDA:3,2,1,25
BRDA:28,3,0,8
BRDA:28,3,1,4
BRDA:29,4,0,3
BRDA:29,4,1,5
BRDA:29,5,0,3
BRDA:29,5,1,2
BRF:11
BRH:11
end_of_record
